#
# There is insufficient memory for the Java Runtime Environment to continue.
# Native memory allocation (malloc) failed to allocate 207056 bytes for Chunk::new
# Possible reasons:
#   The system is out of physical RAM or swap space
#   The process is running with CompressedOops enabled, and the Java Heap may be blocking the growth of the native heap
# Possible solutions:
#   Reduce memory load on the system
#   Increase physical memory or swap space
#   Check if swap backing store is full
#   Decrease Java heap size (-Xmx/-Xms)
#   Decrease number of Java threads
#   Decrease Java thread stack sizes (-Xss)
#   Set larger code cache with -XX:ReservedCodeCacheSize=
#   JVM is running with Unscaled Compressed Oops mode in which the Java heap is
#     placed in the first 4GB address space. The Java Heap base address is the
#     maximum limit for the native heap growth. Please use -XX:HeapBaseMinAddress
#     to set the Java Heap base and to place the Java Heap above 4GB virtual address.
# This output file may be truncated or incomplete.
#
#  Out of Memory Error (arena.cpp:189), pid=15472, tid=21220
#
# JRE version: OpenJDK Runtime Environment Temurin-17.0.4.1+1 (17.0.4.1+1) (build 17.0.4.1+1)
# Java VM: OpenJDK 64-Bit Server VM Temurin-17.0.4.1+1 (17.0.4.1+1, mixed mode, tiered, compressed oops, compressed class ptrs, g1 gc, windows-amd64)
# No core dump will be written. Minidumps are not enabled by default on client versions of Windows
#

---------------  S U M M A R Y ------------

Command Line: -ea -Dfile.encoding=UTF-8 -XX:+ShowCodeDetailsInExceptionMessages org.testng.remote.RemoteTestNG -serport 59402 -protocol json -d C:\Users\babu1\Documents\workspace-spring-tool-suite-4-4.16.0.RELEASE\Appiumfirst\test-output C:\Users\babu1\AppData\Local\Temp\testng-eclipse--1654839158\testng-customsuite.xml

Host: Intel(R) Core(TM) i3-6100U CPU @ 2.30GHz, 4 cores, 7G,  Windows 10 , 64 bit Build 19041 (10.0.19041.2251)
Time: Thu Dec  1 15:19:14 2022 India Standard Time elapsed time: 160.279806 seconds (0d 0h 2m 40s)

---------------  T H R E A D  ---------------

Current thread (0x0000021af3414620):  JavaThread "C2 CompilerThread0" daemon [_thread_in_native, id=21220, stack(0x000000cea5300000,0x000000cea5400000)]


Current CompileTask:
C2: 160279 1981   !   4       java.net.URL::<init> (543 bytes)

Stack: [0x000000cea5300000,0x000000cea5400000]
Native frames: (J=compiled Java code, j=interpreted, Vv=VM code, C=native code)
V  [jvm.dll+0x67731a]
V  [jvm.dll+0x832284]
V  [jvm.dll+0x833a2e]
V  [jvm.dll+0x834093]
V  [jvm.dll+0x245775]
V  [jvm.dll+0xabd7b]
V  [jvm.dll+0xac30c]
V  [jvm.dll+0x2ac80f]
V  [jvm.dll+0x57dd77]
V  [jvm.dll+0x220892]
V  [jvm.dll+0x21a274]
V  [jvm.dll+0x21799b]
V  [jvm.dll+0x1a3f8d]
V  [jvm.dll+0x227498]
V  [jvm.dll+0x2255e5]
V  [jvm.dll+0x7e7e9b]
V  [jvm.dll+0x7e240a]
V  [jvm.dll+0x6761a5]
C  [ucrtbase.dll+0x21bb2]
C  [KERNEL32.DLL+0x174b4]
C  [ntdll.dll+0x526a1]


---------------  P R O C E S S  ---------------

Threads class SMR info:
_java_thread_list=0x0000021af3476570, length=15, elements={
0x0000021ad944d710, 0x0000021af2ba7260, 0x0000021af2ba80d0, 0x0000021af2b900c0,
0x0000021af2b91990, 0x0000021af2b92340, 0x0000021af3411580, 0x0000021af3414620,
0x0000021af345b870, 0x0000021af3465e70, 0x0000021af34110b0, 0x0000021af34128c0,
0x0000021af3410be0, 0x0000021af3412d90, 0x0000021af3413260
}

Java Threads: ( => current thread )
  0x0000021ad944d710 JavaThread "Forwarding findElement on session bf64c084-b149-478f-b4ee-0db3fece7f62 to remote" [_thread_in_vm, id=55564, stack(0x000000cea4600000,0x000000cea4700000)]
  0x0000021af2ba7260 JavaThread "Reference Handler" daemon [_thread_blocked, id=9072, stack(0x000000cea4d00000,0x000000cea4e00000)]
  0x0000021af2ba80d0 JavaThread "Finalizer" daemon [_thread_blocked, id=27824, stack(0x000000cea4e00000,0x000000cea4f00000)]
  0x0000021af2b900c0 JavaThread "Signal Dispatcher" daemon [_thread_blocked, id=10912, stack(0x000000cea4f00000,0x000000cea5000000)]
  0x0000021af2b91990 JavaThread "Attach Listener" daemon [_thread_blocked, id=44676, stack(0x000000cea5000000,0x000000cea5100000)]
  0x0000021af2b92340 JavaThread "Service Thread" daemon [_thread_blocked, id=37832, stack(0x000000cea5100000,0x000000cea5200000)]
  0x0000021af3411580 JavaThread "Monitor Deflation Thread" daemon [_thread_blocked, id=32224, stack(0x000000cea5200000,0x000000cea5300000)]
=>0x0000021af3414620 JavaThread "C2 CompilerThread0" daemon [_thread_in_native, id=21220, stack(0x000000cea5300000,0x000000cea5400000)]
  0x0000021af345b870 JavaThread "C1 CompilerThread0" daemon [_thread_blocked, id=55752, stack(0x000000cea5400000,0x000000cea5500000)]
  0x0000021af3465e70 JavaThread "Sweeper thread" daemon [_thread_blocked, id=22996, stack(0x000000cea5500000,0x000000cea5600000)]
  0x0000021af34110b0 JavaThread "Notification Thread" daemon [_thread_blocked, id=13324, stack(0x000000cea5600000,0x000000cea5700000)]
  0x0000021af34128c0 JavaThread "Common-Cleaner" daemon [_thread_blocked, id=21788, stack(0x000000cea5800000,0x000000cea5900000)]
  0x0000021af3410be0 JavaThread "ReaderThread" [_thread_in_native, id=43748, stack(0x000000cea5a00000,0x000000cea5b00000)]
  0x0000021af3412d90 JavaThread "OkHttp ConnectionPool" daemon [_thread_blocked, id=26204, stack(0x000000cea6100000,0x000000cea6200000)]
  0x0000021af3413260 JavaThread "Okio Watchdog" daemon [_thread_blocked, id=43976, stack(0x000000cea6200000,0x000000cea6300000)]

Other Threads:
  0x0000021af2b869b0 VMThread "VM Thread" [stack: 0x000000cea4c00000,0x000000cea4d00000] [id=19524] _threads_hazard_ptr=0x0000021af3476570
  0x0000021af359ad30 WatcherThread [stack: 0x000000cea5700000,0x000000cea5800000] [id=38136]
  0x0000021ad94a91a0 GCTaskThread "GC Thread#0" [stack: 0x000000cea4700000,0x000000cea4800000] [id=33204]
  0x0000021af3ff0220 GCTaskThread "GC Thread#1" [stack: 0x000000cea5b00000,0x000000cea5c00000] [id=54412]
  0x0000021af3ff04d0 GCTaskThread "GC Thread#2" [stack: 0x000000cea5c00000,0x000000cea5d00000] [id=52976]
  0x0000021af3ff0780 GCTaskThread "GC Thread#3" [stack: 0x000000cea5d00000,0x000000cea5e00000] [id=29564]
  0x0000021ad94ba640 ConcurrentGCThread "G1 Main Marker" [stack: 0x000000cea4800000,0x000000cea4900000] [id=36508]
  0x0000021ad94bc060 ConcurrentGCThread "G1 Conc#0" [stack: 0x000000cea4900000,0x000000cea4a00000] [id=23872]
  0x0000021ad950e0c0 ConcurrentGCThread "G1 Refine#0" [stack: 0x000000cea4a00000,0x000000cea4b00000] [id=15512]
  0x0000021af505b890 ConcurrentGCThread "G1 Refine#1" [stack: 0x000000cea5e00000,0x000000cea5f00000] [id=35260]
  0x0000021ad950eae0 ConcurrentGCThread "G1 Service" [stack: 0x000000cea4b00000,0x000000cea4c00000] [id=41592]

Threads with active compile tasks:
C2 CompilerThread0   160919 1981   !   4       java.net.URL::<init> (543 bytes)

VM state: synchronizing (normal execution)

VM Mutex/Monitor currently owned by a thread:  ([mutex/lock_event])
[0x0000021ad9446230] Metaspace_lock - owner thread: 0x0000021ad944d710
[0x0000021ad9448260] Threads_lock - owner thread: 0x0000021af2b869b0

Heap address: 0x0000000081200000, size: 2030 MB, Compressed Oops mode: 32-bit

CDS archive(s) not mapped
Compressed class space mapped at: 0x0000000100000000-0x0000000140000000, reserved size: 1073741824
Narrow klass base: 0x0000000000000000, Narrow klass shift: 3, Narrow klass range: 0x140000000

GC Precious Log:
 CPUs: 4 total, 4 available
 Memory: 8112M
 Large Page Support: Disabled
 NUMA Support: Disabled
 Compressed Oops: Enabled (32-bit)
 Heap Region Size: 1M
 Heap Min Capacity: 8M
 Heap Initial Capacity: 128M
 Heap Max Capacity: 2030M
 Pre-touch: Disabled
 Parallel Workers: 4
 Concurrent Workers: 1
 Concurrent Refinement Workers: 4
 Periodic GC: Disabled

Heap:
 garbage-first heap   total 34816K, used 14040K [0x0000000081200000, 0x0000000100000000)
  region size 1024K, 12 young (12288K), 4 survivors (4096K)
 Metaspace       used 23382K, committed 23680K, reserved 1073152K
  class space    used 2572K, committed 2752K, reserved 1048576K

Heap Regions: E=young(eden), S=young(survivor), O=old, HS=humongous(starts), HC=humongous(continues), CS=collection set, F=free, OA=open archive, CA=closed archive, TAMS=top-at-mark-start (previous, next)
|   0|0x0000000081200000, 0x0000000081300000, 0x0000000081300000|100%| O|  |TAMS 0x0000000081300000, 0x0000000081200000| Untracked 
|   1|0x0000000081300000, 0x0000000081400000, 0x0000000081400000|100%| O|  |TAMS 0x0000000081400000, 0x0000000081300000| Untracked 
|   2|0x0000000081400000, 0x0000000081500000, 0x0000000081500000|100%| O|  |TAMS 0x0000000081500000, 0x0000000081400000| Untracked 
|   3|0x0000000081500000, 0x0000000081600000, 0x0000000081600000|100%| O|  |TAMS 0x0000000081600000, 0x0000000081500000| Untracked 
|   4|0x0000000081600000, 0x0000000081692c00, 0x0000000081700000| 57%| O|  |TAMS 0x0000000081692c00, 0x0000000081600000| Complete 
|   5|0x0000000081700000, 0x0000000081700000, 0x0000000081800000|  0%| F|  |TAMS 0x0000000081700000, 0x0000000081700000| Untracked 
|   6|0x0000000081800000, 0x0000000081800000, 0x0000000081900000|  0%| F|  |TAMS 0x0000000081800000, 0x0000000081800000| Untracked 
|   7|0x0000000081900000, 0x0000000081900000, 0x0000000081a00000|  0%| F|  |TAMS 0x0000000081900000, 0x0000000081900000| Untracked 
|   8|0x0000000081a00000, 0x0000000081a00000, 0x0000000081b00000|  0%| F|  |TAMS 0x0000000081a00000, 0x0000000081a00000| Untracked 
|   9|0x0000000081b00000, 0x0000000081b00000, 0x0000000081c00000|  0%| F|  |TAMS 0x0000000081b00000, 0x0000000081b00000| Untracked 
|  10|0x0000000081c00000, 0x0000000081c00000, 0x0000000081d00000|  0%| F|  |TAMS 0x0000000081c00000, 0x0000000081c00000| Untracked 
|  11|0x0000000081d00000, 0x0000000081d00000, 0x0000000081e00000|  0%| F|  |TAMS 0x0000000081d00000, 0x0000000081d00000| Untracked 
|  12|0x0000000081e00000, 0x0000000081e00000, 0x0000000081f00000|  0%| F|  |TAMS 0x0000000081e00000, 0x0000000081e00000| Untracked 
|  13|0x0000000081f00000, 0x0000000081f00000, 0x0000000082000000|  0%| F|  |TAMS 0x0000000081f00000, 0x0000000081f00000| Untracked 
|  14|0x0000000082000000, 0x0000000082000000, 0x0000000082100000|  0%| F|  |TAMS 0x0000000082000000, 0x0000000082000000| Untracked 
|  15|0x0000000082100000, 0x0000000082100000, 0x0000000082200000|  0%| F|  |TAMS 0x0000000082100000, 0x0000000082100000| Untracked 
|  16|0x0000000082200000, 0x0000000082200000, 0x0000000082300000|  0%| F|  |TAMS 0x0000000082200000, 0x0000000082200000| Untracked 
|  17|0x0000000082300000, 0x0000000082300000, 0x0000000082400000|  0%| F|  |TAMS 0x0000000082300000, 0x0000000082300000| Untracked 
|  18|0x0000000082400000, 0x0000000082400000, 0x0000000082500000|  0%| F|  |TAMS 0x0000000082400000, 0x0000000082400000| Untracked 
|  19|0x0000000082500000, 0x0000000082500000, 0x0000000082600000|  0%| F|  |TAMS 0x0000000082500000, 0x0000000082500000| Untracked 
|  20|0x0000000082600000, 0x0000000082600000, 0x0000000082700000|  0%| F|  |TAMS 0x0000000082600000, 0x0000000082600000| Untracked 
|  21|0x0000000082700000, 0x0000000082700000, 0x0000000082800000|  0%| F|  |TAMS 0x0000000082700000, 0x0000000082700000| Untracked 
|  22|0x0000000082800000, 0x0000000082880800, 0x0000000082900000| 50%| E|  |TAMS 0x0000000082800000, 0x0000000082800000| Complete 
|  23|0x0000000082900000, 0x0000000082a00000, 0x0000000082a00000|100%| E|CS|TAMS 0x0000000082900000, 0x0000000082900000| Complete 
|  24|0x0000000082a00000, 0x0000000082b00000, 0x0000000082b00000|100%| E|CS|TAMS 0x0000000082a00000, 0x0000000082a00000| Complete 
|  25|0x0000000082b00000, 0x0000000082c00000, 0x0000000082c00000|100%| E|CS|TAMS 0x0000000082b00000, 0x0000000082b00000| Complete 
|  26|0x0000000082c00000, 0x0000000082d00000, 0x0000000082d00000|100%| E|CS|TAMS 0x0000000082c00000, 0x0000000082c00000| Complete 
|  27|0x0000000082d00000, 0x0000000082e00000, 0x0000000082e00000|100%| E|CS|TAMS 0x0000000082d00000, 0x0000000082d00000| Complete 
|  28|0x0000000082e00000, 0x0000000082f00000, 0x0000000082f00000|100%| E|CS|TAMS 0x0000000082e00000, 0x0000000082e00000| Complete 
| 105|0x0000000087b00000, 0x0000000087b234d8, 0x0000000087c00000| 13%| S|CS|TAMS 0x0000000087b00000, 0x0000000087b00000| Complete 
| 106|0x0000000087c00000, 0x0000000087d00000, 0x0000000087d00000|100%| S|CS|TAMS 0x0000000087c00000, 0x0000000087c00000| Complete 
| 107|0x0000000087d00000, 0x0000000087e00000, 0x0000000087e00000|100%| S|CS|TAMS 0x0000000087d00000, 0x0000000087d00000| Complete 
| 108|0x0000000087e00000, 0x0000000087f00000, 0x0000000087f00000|100%| S|CS|TAMS 0x0000000087e00000, 0x0000000087e00000| Complete 
| 127|0x0000000089100000, 0x00000000891ff858, 0x0000000089200000| 99%| E|  |TAMS 0x0000000089100000, 0x0000000089100000| Complete 

Card table byte_map: [0x0000021aebf00000,0x0000021aec300000] _byte_map_base: 0x0000021aebaf7000

Marking Bits (Prev, Next): (CMBitMap*) 0x0000021ad94a97f0, (CMBitMap*) 0x0000021ad94a97b0
 Prev Bits: [0x0000021aee6c0000, 0x0000021af0678000)
 Next Bits: [0x0000021aec700000, 0x0000021aee6b8000)

Polling page: 0x0000021ad8c10000

Metaspace:

Usage:
  Non-class:     20.32 MB used.
      Class:      2.51 MB used.
       Both:     22.83 MB used.

Virtual space:
  Non-class space:       24.00 MB reserved,      20.44 MB ( 85%) committed,  3 nodes.
      Class space:        1.00 GB reserved,       2.69 MB ( <1%) committed,  1 nodes.
             Both:        1.02 GB reserved,      23.12 MB (  2%) committed. 

Chunk freelists:
   Non-Class:  2.64 MB
       Class:  1.28 MB
        Both:  3.92 MB

MaxMetaspaceSize: unlimited
CompressedClassSpaceSize: 1.00 GB
Initial GC threshold: 21.00 MB
Current GC threshold: 35.12 MB
CDS: off
MetaspaceReclaimPolicy: balanced
 - commit_granule_bytes: 65536.
 - commit_granule_words: 8192.
 - virtual_space_node_default_size: 1048576.
 - enlarge_chunks_in_place: 1.
 - new_chunks_are_fully_committed: 0.
 - uncommit_free_chunks: 1.
 - use_allocation_guard: 0.
 - handle_deallocations: 1.


Internal statistics:

num_allocs_failed_limit: 3.
num_arena_births: 282.
num_arena_deaths: 0.
num_vsnodes_births: 4.
num_vsnodes_deaths: 0.
num_space_committed: 370.
num_space_uncommitted: 0.
num_chunks_returned_to_freelist: 3.
num_chunks_taken_from_freelist: 688.
num_chunk_merges: 3.
num_chunk_splits: 434.
num_chunks_enlarged: 291.
num_purges: 0.
num_inconsistent_stats: 0.

CodeHeap 'non-profiled nmethods': size=120000Kb used=751Kb max_used=751Kb free=119248Kb
 bounds [0x0000021ae45d0000, 0x0000021ae4840000, 0x0000021aebb00000]
CodeHeap 'profiled nmethods': size=120000Kb used=3791Kb max_used=3791Kb free=116208Kb
 bounds [0x0000021add0a0000, 0x0000021add460000, 0x0000021ae45d0000]
CodeHeap 'non-nmethods': size=5760Kb used=1226Kb max_used=1246Kb free=4534Kb
 bounds [0x0000021adcb00000, 0x0000021adcd70000, 0x0000021add0a0000]
 total_blobs=2524 nmethods=1989 adapters=447
 compilation: enabled
              stopped_count=0, restarted_count=0
 full_count=0

Compilation events (20 events):
Event: 155.170 Thread 0x0000021af345b870 nmethod 1979 0x0000021add450010 code [0x0000021add4501c0, 0x0000021add4505d8]
Event: 160.173 Thread 0x0000021af3414620 1980       4       sun.net.util.IPAddressUtil::checkHostString (53 bytes)
Event: 160.176 Thread 0x0000021af345b870 1982       3       java.lang.reflect.Field::get (29 bytes)
Event: 160.177 Thread 0x0000021af345b870 nmethod 1982 0x0000021add450690 code [0x0000021add450860, 0x0000021add450c18]
Event: 160.177 Thread 0x0000021af345b870 1983       3       java.util.stream.ReferencePipeline$2::opWrapSink (10 bytes)
Event: 160.177 Thread 0x0000021af345b870 nmethod 1983 0x0000021add450d90 code [0x0000021add450f80, 0x0000021add451528]
Event: 160.177 Thread 0x0000021af345b870 1984       3       java.util.stream.ReferencePipeline$2$1::<init> (11 bytes)
Event: 160.177 Thread 0x0000021af345b870 nmethod 1984 0x0000021add451710 code [0x0000021add4518e0, 0x0000021add451dc8]
Event: 160.177 Thread 0x0000021af345b870 1985       3       java.util.RegularEnumSet::contains (57 bytes)
Event: 160.178 Thread 0x0000021af345b870 nmethod 1985 0x0000021add451f90 code [0x0000021add452160, 0x0000021add452568]
Event: 160.178 Thread 0x0000021af345b870 1986       3       java.io.ByteArrayOutputStream::<init> (7 bytes)
Event: 160.178 Thread 0x0000021af345b870 nmethod 1986 0x0000021add452690 code [0x0000021add452820, 0x0000021add452968]
Event: 160.178 Thread 0x0000021af345b870 1988       3       sun.nio.ch.Util::isBufferTooLarge (15 bytes)
Event: 160.178 Thread 0x0000021af345b870 nmethod 1988 0x0000021add452a10 code [0x0000021add452ba0, 0x0000021add452cf8]
Event: 160.179 Thread 0x0000021af345b870 1989       3       java.nio.MappedByteBuffer::limit (8 bytes)
Event: 160.179 Thread 0x0000021af345b870 nmethod 1989 0x0000021add452d90 code [0x0000021add452f40, 0x0000021add4530e8]
Event: 160.180 Thread 0x0000021af3414620 nmethod 1980 0x0000021ae468af10 code [0x0000021ae468b0c0, 0x0000021ae468b348]
Event: 160.180 Thread 0x0000021af3414620 1987       4       java.lang.StringBuilder::toString (35 bytes)
Event: 160.187 Thread 0x0000021af3414620 nmethod 1987 0x0000021ae468b690 code [0x0000021ae468b820, 0x0000021ae468bcc8]
Event: 160.187 Thread 0x0000021af3414620 1981   !   4       java.net.URL::<init> (543 bytes)

GC Heap History (6 events):
Event: 2.617 GC heap before
{Heap before GC invocations=0 (full 0):
 garbage-first heap   total 131072K, used 12288K [0x0000000081200000, 0x0000000100000000)
  region size 1024K, 13 young (13312K), 0 survivors (0K)
 Metaspace       used 12743K, committed 12928K, reserved 1064960K
  class space    used 1223K, committed 1280K, reserved 1048576K
}
Event: 2.634 GC heap after
{Heap after GC invocations=1 (full 0):
 garbage-first heap   total 131072K, used 4588K [0x0000000081200000, 0x0000000100000000)
  region size 1024K, 2 young (2048K), 2 survivors (2048K)
 Metaspace       used 12743K, committed 12928K, reserved 1064960K
  class space    used 1223K, committed 1280K, reserved 1048576K
}
Event: 3.933 GC heap before
{Heap before GC invocations=1 (full 0):
 garbage-first heap   total 131072K, used 15852K [0x0000000081200000, 0x0000000100000000)
  region size 1024K, 13 young (13312K), 2 survivors (2048K)
 Metaspace       used 16656K, committed 16896K, reserved 1064960K
  class space    used 1736K, committed 1856K, reserved 1048576K
}
Event: 3.937 GC heap after
{Heap after GC invocations=2 (full 0):
 garbage-first heap   total 131072K, used 5688K [0x0000000081200000, 0x0000000100000000)
  region size 1024K, 1 young (1024K), 1 survivors (1024K)
 Metaspace       used 16656K, committed 16896K, reserved 1064960K
  class space    used 1736K, committed 1856K, reserved 1048576K
}
Event: 5.884 GC heap before
{Heap before GC invocations=2 (full 0):
 garbage-first heap   total 131072K, used 23096K [0x0000000081200000, 0x0000000100000000)
  region size 1024K, 19 young (19456K), 1 survivors (1024K)
 Metaspace       used 21258K, committed 21504K, reserved 1073152K
  class space    used 2318K, committed 2432K, reserved 1048576K
}
Event: 5.891 GC heap after
{Heap after GC invocations=3 (full 0):
 garbage-first heap   total 131072K, used 7896K [0x0000000081200000, 0x0000000100000000)
  region size 1024K, 4 young (4096K), 4 survivors (4096K)
 Metaspace       used 21258K, committed 21504K, reserved 1073152K
  class space    used 2318K, committed 2432K, reserved 1048576K
}

Deoptimization events (20 events):
Event: 142.542 Thread 0x0000021ad944d710 Uncommon trap: trap_request=0xffffffde fr.pc=0x0000021ae4673de0 relative=0x0000000000000600
Event: 142.542 Thread 0x0000021ad944d710 Uncommon trap: reason=class_check action=maybe_recompile pc=0x0000021ae4673de0 method=org.openqa.selenium.json.Input.init()V @ 18 c2
Event: 142.542 Thread 0x0000021ad944d710 DEOPT PACKING pc=0x0000021ae4673de0 sp=0x000000cea46fc510
Event: 142.542 Thread 0x0000021ad944d710 DEOPT UNPACKING pc=0x0000021adcb523a3 sp=0x000000cea46fc4e8 mode 2
Event: 142.542 Thread 0x0000021ad944d710 Uncommon trap: trap_request=0xffffffde fr.pc=0x0000021ae4673de0 relative=0x0000000000000600
Event: 142.542 Thread 0x0000021ad944d710 Uncommon trap: reason=class_check action=maybe_recompile pc=0x0000021ae4673de0 method=org.openqa.selenium.json.Input.init()V @ 18 c2
Event: 142.542 Thread 0x0000021ad944d710 DEOPT PACKING pc=0x0000021ae4673de0 sp=0x000000cea46fbf40
Event: 142.542 Thread 0x0000021ad944d710 DEOPT UNPACKING pc=0x0000021adcb523a3 sp=0x000000cea46fbf18 mode 2
Event: 142.542 Thread 0x0000021ad944d710 Uncommon trap: trap_request=0xffffffde fr.pc=0x0000021ae4673de0 relative=0x0000000000000600
Event: 142.542 Thread 0x0000021ad944d710 Uncommon trap: reason=class_check action=maybe_recompile pc=0x0000021ae4673de0 method=org.openqa.selenium.json.Input.init()V @ 18 c2
Event: 142.542 Thread 0x0000021ad944d710 DEOPT PACKING pc=0x0000021ae4673de0 sp=0x000000cea46fbf40
Event: 142.542 Thread 0x0000021ad944d710 DEOPT UNPACKING pc=0x0000021adcb523a3 sp=0x000000cea46fbf18 mode 2
Event: 142.832 Thread 0x0000021ad944d710 DEOPT PACKING pc=0x0000021add380cfe sp=0x000000cea46fbf60
Event: 142.832 Thread 0x0000021ad944d710 DEOPT UNPACKING pc=0x0000021adcb52b43 sp=0x000000cea46fb3d0 mode 0
Event: 143.034 Thread 0x0000021ad944d710 Uncommon trap: trap_request=0xffffff45 fr.pc=0x0000021ae46499e4 relative=0x0000000000000fc4
Event: 143.034 Thread 0x0000021ad944d710 Uncommon trap: reason=unstable_if action=reinterpret pc=0x0000021ae46499e4 method=java.util.concurrent.ConcurrentHashMap.putVal(Ljava/lang/Object;Ljava/lang/Object;Z)Ljava/lang/Object; @ 256 c2
Event: 143.034 Thread 0x0000021ad944d710 DEOPT PACKING pc=0x0000021ae46499e4 sp=0x000000cea46fce00
Event: 143.034 Thread 0x0000021ad944d710 DEOPT UNPACKING pc=0x0000021adcb523a3 sp=0x000000cea46fcd78 mode 2
Event: 143.584 Thread 0x0000021ad944d710 DEOPT PACKING pc=0x0000021add37d456 sp=0x000000cea46fc9f0
Event: 143.584 Thread 0x0000021ad944d710 DEOPT UNPACKING pc=0x0000021adcb52b43 sp=0x000000cea46fbe78 mode 0

Classes unloaded (0 events):
No events

Classes redefined (0 events):
No events

Internal exceptions (20 events):
Event: 2.927 Thread 0x0000021ad944d710 Exception <a 'java/lang/NoSuchMethodError'{0x0000000088dbaf48}: 'void java.lang.invoke.DirectMethodHandle$Holder.invokeStatic(java.lang.Object, java.lang.Object, java.lang.Object)'> (0x0000000088dbaf48) 
thrown [s\src\hotspot\share\interpreter\linkResolver.cpp, line 759]
Event: 4.329 Thread 0x0000021ad944d710 Exception <a 'sun/nio/fs/WindowsException'{0x0000000088b90398}> (0x0000000088b90398) 
thrown [s\src\hotspot\share\prims\jni.cpp, line 516]
Event: 4.896 Thread 0x0000021ad944d710 Exception <a 'java/lang/NoSuchMethodError'{0x0000000088bb3f28}: 'int java.lang.invoke.DirectMethodHandle$Holder.invokeStaticInit(java.lang.Object, java.lang.Object, java.lang.Object, java.lang.Object)'> (0x0000000088bb3f28) 
thrown [s\src\hotspot\share\interpreter\linkResolver.cpp, line 759]
Event: 4.898 Thread 0x0000021ad944d710 Exception <a 'java/lang/NoSuchMethodError'{0x0000000088bbfa68}: 'void java.lang.invoke.DirectMethodHandle$Holder.invokeStaticInit(java.lang.Object, java.lang.Object)'> (0x0000000088bbfa68) 
thrown [s\src\hotspot\share\interpreter\linkResolver.cpp, line 759]
Event: 5.208 Thread 0x0000021ad944d710 Exception <a 'java/lang/NoSuchMethodError'{0x00000000888a0770}: 'java.lang.Object java.lang.invoke.DirectMethodHandle$Holder.invokeStaticInit(java.lang.Object, java.lang.Object, java.lang.Object)'> (0x00000000888a0770) 
thrown [s\src\hotspot\share\interpreter\linkResolver.cpp, line 759]
Event: 5.217 Thread 0x0000021ad944d710 Exception <a 'java/lang/NoSuchMethodError'{0x00000000888cbb00}: 'java.lang.Object java.lang.invoke.DirectMethodHandle$Holder.invokeInterface(java.lang.Object, java.lang.Object, java.lang.Object)'> (0x00000000888cbb00) 
thrown [s\src\hotspot\share\interpreter\linkResolver.cpp, line 759]
Event: 5.218 Thread 0x0000021ad944d710 Exception <a 'java/lang/IncompatibleClassChangeError'{0x00000000888cf1c8}: Found class java.lang.Object, but interface was expected> (0x00000000888cf1c8) 
thrown [s\src\hotspot\share\interpreter\linkResolver.cpp, line 826]
Event: 5.219 Thread 0x0000021ad944d710 Exception <a 'java/lang/NoSuchMethodError'{0x00000000888d79a8}: 'int java.lang.invoke.DirectMethodHandle$Holder.invokeSpecialIFC(java.lang.Object, java.lang.Object, java.lang.Object, java.lang.Object)'> (0x00000000888d79a8) 
thrown [s\src\hotspot\share\interpreter\linkResolver.cpp, line 759]
Event: 5.308 Thread 0x0000021ad944d710 Exception <a 'java/lang/NoSuchMethodError'{0x000000008873cd10}: 'double java.lang.invoke.DirectMethodHandle$Holder.invokeVirtual(java.lang.Object, java.lang.Object)'> (0x000000008873cd10) 
thrown [s\src\hotspot\share\interpreter\linkResolver.cpp, line 759]
Event: 5.309 Thread 0x0000021ad944d710 Exception <a 'java/lang/NoSuchMethodError'{0x0000000088743490}: 'float java.lang.invoke.DirectMethodHandle$Holder.invokeVirtual(java.lang.Object, java.lang.Object)'> (0x0000000088743490) 
thrown [s\src\hotspot\share\interpreter\linkResolver.cpp, line 759]
Event: 5.314 Thread 0x0000021ad944d710 Exception <a 'java/lang/NoSuchMethodError'{0x000000008874c450}: 'long java.lang.invoke.DirectMethodHandle$Holder.invokeVirtual(java.lang.Object, java.lang.Object)'> (0x000000008874c450) 
thrown [s\src\hotspot\share\interpreter\linkResolver.cpp, line 759]
Event: 5.327 Thread 0x0000021ad944d710 Exception <a 'java/lang/NoSuchMethodError'{0x0000000088778238}: 'java.lang.Object java.lang.invoke.DirectMethodHandle$Holder.invokeVirtual(java.lang.Object, java.lang.Object, java.lang.Object)'> (0x0000000088778238) 
thrown [s\src\hotspot\share\interpreter\linkResolver.cpp, line 759]
Event: 5.467 Thread 0x0000021ad944d710 Exception <a 'java/lang/NoSuchMethodError'{0x00000000885c3020}: 'void java.lang.invoke.DirectMethodHandle$Holder.invokeSpecial(java.lang.Object, java.lang.Object, java.lang.Object, java.lang.Object, java.lang.Object)'> (0x00000000885c3020) 
thrown [s\src\hotspot\share\interpreter\linkResolver.cpp, line 759]
Event: 5.593 Thread 0x0000021ad944d710 Exception <a 'java/lang/NoSuchMethodError'{0x00000000883a0138}: 'void java.lang.invoke.DirectMethodHandle$Holder.invokeInterface(java.lang.Object, java.lang.Object, java.lang.Object)'> (0x00000000883a0138) 
thrown [s\src\hotspot\share\interpreter\linkResolver.cpp, line 759]
Event: 142.553 Thread 0x0000021ad944d710 Exception <a 'java/lang/NoSuchMethodError'{0x0000000082c41618}: 'java.lang.Object java.lang.invoke.DirectMethodHandle$Holder.invokeSpecialIFC(java.lang.Object, java.lang.Object, java.lang.Object)'> (0x0000000082c41618) 
thrown [s\src\hotspot\share\interpreter\linkResolver.cpp, line 759]
Event: 143.042 Thread 0x0000021ad944d710 Exception <a 'java/lang/ClassNotFoundException'{0x0000000082cee000}: sun/util/logging/resources/spi/loggingProvider> (0x0000000082cee000) 
thrown [s\src\hotspot\share\classfile\systemDictionary.cpp, line 256]
Event: 143.586 Thread 0x0000021ad944d710 Exception <a 'java/lang/NoSuchMethodError'{0x0000000082bc6248}: 'void java.lang.invoke.DirectMethodHandle$Holder.invokeVirtual(java.lang.Object, java.lang.Object, java.lang.Object, java.lang.Object)'> (0x0000000082bc6248) 
thrown [s\src\hotspot\share\interpreter\linkResolver.cpp, line 759]
Event: 143.588 Thread 0x0000021ad944d710 Exception <a 'java/lang/NoSuchMethodError'{0x0000000082bce7c0}: 'java.lang.Object java.lang.invoke.Invokers$Holder.invoke_MT(java.lang.Object, java.lang.Object, java.lang.Object, java.lang.Object, java.lang.Object)'> (0x0000000082bce7c0) 
thrown [s\src\hotspot\share\interpreter\linkResolver.cpp, line 759]
Event: 143.589 Thread 0x0000021ad944d710 Exception <a 'java/lang/NoSuchMethodError'{0x0000000082bd2b68}: 'void java.lang.invoke.Invokers$Holder.invokeExact_MT(java.lang.Object, java.lang.Object, java.lang.Object, java.lang.Object, java.lang.Object)'> (0x0000000082bd2b68) 
thrown [s\src\hotspot\share\interpreter\linkResolver.cpp, line 759]
Event: 143.634 Thread 0x0000021ad944d710 Exception <a 'java/lang/NoSuchMethodError'{0x0000000082aa6430}: 'void java.lang.invoke.DirectMethodHandle$Holder.invokeInterface(java.lang.Object, java.lang.Object)'> (0x0000000082aa6430) 
thrown [s\src\hotspot\share\interpreter\linkResolver.cpp, line 759]

VM Operations (20 events):
Event: 5.131 Executing VM operation: HandshakeAllThreads
Event: 5.131 Executing VM operation: HandshakeAllThreads done
Event: 5.884 Executing VM operation: CollectForMetadataAllocation
Event: 5.891 Executing VM operation: CollectForMetadataAllocation done
Event: 5.901 Executing VM operation: G1Concurrent
Event: 5.904 Executing VM operation: G1Concurrent done
Event: 5.906 Executing VM operation: G1Concurrent
Event: 5.907 Executing VM operation: G1Concurrent done
Event: 7.917 Executing VM operation: Cleanup
Event: 7.917 Executing VM operation: Cleanup done
Event: 142.769 Executing VM operation: HandshakeAllThreads
Event: 142.769 Executing VM operation: HandshakeAllThreads done
Event: 142.769 Executing VM operation: Cleanup
Event: 142.769 Executing VM operation: Cleanup done
Event: 143.779 Executing VM operation: Cleanup
Event: 143.780 Executing VM operation: Cleanup done
Event: 144.783 Executing VM operation: Cleanup
Event: 144.783 Executing VM operation: Cleanup done
Event: 155.881 Executing VM operation: Cleanup
Event: 155.881 Executing VM operation: Cleanup done

Events (20 events):
Event: 143.509 loading class java/util/stream/FindOps$FindSink$OfInt
Event: 143.509 loading class java/util/stream/FindOps$FindSink$OfInt done
Event: 143.509 loading class java/util/OptionalInt
Event: 143.550 loading class java/util/OptionalInt done
Event: 143.552 loading class java/util/stream/IntPipeline$10$1
Event: 143.552 loading class java/util/stream/IntPipeline$10$1 done
Event: 143.553 loading class java/lang/StringUTF16$CharsSpliterator
Event: 143.553 loading class java/lang/StringUTF16$CharsSpliterator done
Event: 143.554 loading class java/time/LocalTime$1
Event: 143.554 loading class java/time/LocalTime$1 done
Event: 143.588 loading class java/lang/invoke/ConstantBootstraps
Event: 143.588 loading class java/lang/invoke/ConstantBootstraps done
Event: 143.637 loading class java/util/LinkedList$ListItr
Event: 143.637 loading class java/util/LinkedList$ListItr done
Event: 143.834 loading class java/util/regex/Pattern$BnM
Event: 143.834 loading class java/util/regex/Pattern$BnM done
Event: 143.838 loading class jdk/internal/reflect/UnsafeLongFieldAccessorImpl
Event: 143.838 loading class jdk/internal/reflect/UnsafeLongFieldAccessorImpl done
Event: 143.841 loading class java/lang/ThreadLocal$SuppliedThreadLocal
Event: 143.841 loading class java/lang/ThreadLocal$SuppliedThreadLocal done


Dynamic libraries:
0x00007ff7b8040000 - 0x00007ff7b804e000 	C:\Users\babu1\Downloads\sts-4.16.0.RELEASE\plugins\org.eclipse.justj.openjdk.hotspot.jre.full.win32.x86_64_17.0.4.v20220903-1038\jre\bin\javaw.exe
0x00007ffb1f250000 - 0x00007ffb1f448000 	C:\WINDOWS\SYSTEM32\ntdll.dll
0x00007ffb1d930000 - 0x00007ffb1d9ef000 	C:\WINDOWS\System32\KERNEL32.DLL
0x00007ffb1cd10000 - 0x00007ffb1cfe2000 	C:\WINDOWS\System32\KERNELBASE.dll
0x00007ffb1cc10000 - 0x00007ffb1cd10000 	C:\WINDOWS\System32\ucrtbase.dll
0x00007ffb13de0000 - 0x00007ffb13df8000 	C:\Users\babu1\Downloads\sts-4.16.0.RELEASE\plugins\org.eclipse.justj.openjdk.hotspot.jre.full.win32.x86_64_17.0.4.v20220903-1038\jre\bin\jli.dll
0x00007ffb13dc0000 - 0x00007ffb13dd9000 	C:\Users\babu1\Downloads\sts-4.16.0.RELEASE\plugins\org.eclipse.justj.openjdk.hotspot.jre.full.win32.x86_64_17.0.4.v20220903-1038\jre\bin\VCRUNTIME140.dll
0x00007ffb1d2a0000 - 0x00007ffb1d43d000 	C:\WINDOWS\System32\USER32.dll
0x00007ffb0ca40000 - 0x00007ffb0ccda000 	C:\WINDOWS\WinSxS\amd64_microsoft.windows.common-controls_6595b64144ccf1df_6.0.19041.1110_none_60b5254171f9507e\COMCTL32.dll
0x00007ffb1d020000 - 0x00007ffb1d042000 	C:\WINDOWS\System32\win32u.dll
0x00007ffb1de00000 - 0x00007ffb1de2b000 	C:\WINDOWS\System32\GDI32.dll
0x00007ffb1de30000 - 0x00007ffb1dece000 	C:\WINDOWS\System32\msvcrt.dll
0x00007ffb1c950000 - 0x00007ffb1ca5f000 	C:\WINDOWS\System32\gdi32full.dll
0x00007ffb1d050000 - 0x00007ffb1d0ed000 	C:\WINDOWS\System32\msvcp_win.dll
0x00007ffb1f1d0000 - 0x00007ffb1f202000 	C:\WINDOWS\System32\IMM32.DLL
0x00007ffb167d0000 - 0x00007ffb167dc000 	C:\Users\babu1\Downloads\sts-4.16.0.RELEASE\plugins\org.eclipse.justj.openjdk.hotspot.jre.full.win32.x86_64_17.0.4.v20220903-1038\jre\bin\vcruntime140_1.dll
0x00007ffb0e370000 - 0x00007ffb0e401000 	C:\Users\babu1\Downloads\sts-4.16.0.RELEASE\plugins\org.eclipse.justj.openjdk.hotspot.jre.full.win32.x86_64_17.0.4.v20220903-1038\jre\bin\msvcp140.dll
0x00007ffad2b10000 - 0x00007ffad3756000 	C:\Users\babu1\Downloads\sts-4.16.0.RELEASE\plugins\org.eclipse.justj.openjdk.hotspot.jre.full.win32.x86_64_17.0.4.v20220903-1038\jre\bin\server\jvm.dll
0x00007ffb1d9f0000 - 0x00007ffb1da9e000 	C:\WINDOWS\System32\ADVAPI32.dll
0x00007ffb1ef80000 - 0x00007ffb1f01c000 	C:\WINDOWS\System32\sechost.dll
0x00007ffb1eb70000 - 0x00007ffb1ec95000 	C:\WINDOWS\System32\RPCRT4.dll
0x00007ffb1d920000 - 0x00007ffb1d928000 	C:\WINDOWS\System32\PSAPI.DLL
0x00007ffb0af80000 - 0x00007ffb0af89000 	C:\WINDOWS\SYSTEM32\WSOCK32.dll
0x00007ffb0cce0000 - 0x00007ffb0cd07000 	C:\WINDOWS\SYSTEM32\WINMM.dll
0x00007ffb1eb00000 - 0x00007ffb1eb6b000 	C:\WINDOWS\System32\WS2_32.dll
0x00007ffb0b540000 - 0x00007ffb0b54a000 	C:\WINDOWS\SYSTEM32\VERSION.dll
0x00007ffb1b1a0000 - 0x00007ffb1b1b2000 	C:\WINDOWS\SYSTEM32\kernel.appcore.dll
0x00007ffb19e00000 - 0x00007ffb19e0a000 	C:\Users\babu1\Downloads\sts-4.16.0.RELEASE\plugins\org.eclipse.justj.openjdk.hotspot.jre.full.win32.x86_64_17.0.4.v20220903-1038\jre\bin\jimage.dll
0x00007ffb1aeb0000 - 0x00007ffb1b094000 	C:\WINDOWS\SYSTEM32\DBGHELP.DLL
0x00007ffb07b00000 - 0x00007ffb07b2c000 	C:\WINDOWS\SYSTEM32\dbgcore.DLL
0x00007ffb1cb10000 - 0x00007ffb1cb92000 	C:\WINDOWS\System32\bcryptPrimitives.dll
0x00007ffb17f00000 - 0x00007ffb17f25000 	C:\Users\babu1\Downloads\sts-4.16.0.RELEASE\plugins\org.eclipse.justj.openjdk.hotspot.jre.full.win32.x86_64_17.0.4.v20220903-1038\jre\bin\java.dll
0x00007ffb18de0000 - 0x00007ffb18df8000 	C:\Users\babu1\Downloads\sts-4.16.0.RELEASE\plugins\org.eclipse.justj.openjdk.hotspot.jre.full.win32.x86_64_17.0.4.v20220903-1038\jre\bin\zip.dll
0x00007ffb1ded0000 - 0x00007ffb1e613000 	C:\WINDOWS\System32\SHELL32.dll
0x00007ffb1a640000 - 0x00007ffb1add2000 	C:\WINDOWS\SYSTEM32\windows.storage.dll
0x00007ffb1daa0000 - 0x00007ffb1ddf4000 	C:\WINDOWS\System32\combase.dll
0x00007ffb1c340000 - 0x00007ffb1c370000 	C:\WINDOWS\SYSTEM32\Wldp.dll
0x00007ffb1ed50000 - 0x00007ffb1edfd000 	C:\WINDOWS\System32\SHCORE.dll
0x00007ffb1eaa0000 - 0x00007ffb1eaf5000 	C:\WINDOWS\System32\shlwapi.dll
0x00007ffb1c890000 - 0x00007ffb1c8af000 	C:\WINDOWS\SYSTEM32\profapi.dll
0x00007ffb18c60000 - 0x00007ffb18c79000 	C:\Users\babu1\Downloads\sts-4.16.0.RELEASE\plugins\org.eclipse.justj.openjdk.hotspot.jre.full.win32.x86_64_17.0.4.v20220903-1038\jre\bin\net.dll
0x00007ffb0f800000 - 0x00007ffb0f90c000 	C:\WINDOWS\SYSTEM32\WINHTTP.dll
0x00007ffb1c030000 - 0x00007ffb1c09a000 	C:\WINDOWS\system32\mswsock.dll
0x00007ffb16b60000 - 0x00007ffb16b75000 	C:\Users\babu1\Downloads\sts-4.16.0.RELEASE\plugins\org.eclipse.justj.openjdk.hotspot.jre.full.win32.x86_64_17.0.4.v20220903-1038\jre\bin\nio.dll
0x00007ffb19d80000 - 0x00007ffb19d90000 	C:\Users\babu1\Downloads\sts-4.16.0.RELEASE\plugins\org.eclipse.justj.openjdk.hotspot.jre.full.win32.x86_64_17.0.4.v20220903-1038\jre\bin\verify.dll
0x00007ffb1bd60000 - 0x00007ffb1be2a000 	C:\WINDOWS\SYSTEM32\DNSAPI.dll
0x00007ffb1bd20000 - 0x00007ffb1bd5b000 	C:\WINDOWS\SYSTEM32\IPHLPAPI.DLL
0x00007ffb1ea90000 - 0x00007ffb1ea98000 	C:\WINDOWS\System32\NSI.dll
0x00007ffb0f750000 - 0x00007ffb0f75a000 	C:\Windows\System32\rasadhlp.dll
0x00007ffb0f500000 - 0x00007ffb0f580000 	C:\WINDOWS\System32\fwpuclnt.dll
0x00007ffb1cff0000 - 0x00007ffb1d017000 	C:\WINDOWS\System32\bcrypt.dll
0x00007ffb1c220000 - 0x00007ffb1c238000 	C:\WINDOWS\SYSTEM32\CRYPTSP.dll
0x00007ffb1b950000 - 0x00007ffb1b984000 	C:\WINDOWS\system32\rsaenh.dll
0x00007ffb1c810000 - 0x00007ffb1c83e000 	C:\WINDOWS\SYSTEM32\USERENV.dll
0x00007ffb1c240000 - 0x00007ffb1c24c000 	C:\WINDOWS\SYSTEM32\CRYPTBASE.dll
0x00007ffb10200000 - 0x00007ffb10217000 	C:\WINDOWS\SYSTEM32\dhcpcsvc6.DLL
0x00007ffb101e0000 - 0x00007ffb101fd000 	C:\WINDOWS\SYSTEM32\dhcpcsvc.DLL
0x00007ffb18820000 - 0x00007ffb1882e000 	C:\Users\babu1\Downloads\sts-4.16.0.RELEASE\plugins\org.eclipse.justj.openjdk.hotspot.jre.full.win32.x86_64_17.0.4.v20220903-1038\jre\bin\sunmscapi.dll
0x00007ffb1d140000 - 0x00007ffb1d296000 	C:\WINDOWS\System32\CRYPT32.dll
0x00007ffb1c3b0000 - 0x00007ffb1c3d7000 	C:\WINDOWS\SYSTEM32\ncrypt.dll
0x00007ffb1c370000 - 0x00007ffb1c3ab000 	C:\WINDOWS\SYSTEM32\NTASN1.dll
0x00007ffb065f0000 - 0x00007ffb06607000 	C:\WINDOWS\system32\napinsp.dll
0x00007ffb065d0000 - 0x00007ffb065eb000 	C:\WINDOWS\system32\pnrpnsp.dll
0x00007ffb17030000 - 0x00007ffb17045000 	C:\WINDOWS\system32\wshbth.dll
0x00007ffb17a70000 - 0x00007ffb17a8d000 	C:\WINDOWS\system32\NLAapi.dll
0x00007ffb06430000 - 0x00007ffb06442000 	C:\WINDOWS\System32\winrnr.dll

dbghelp: loaded successfully - version: 4.0.5 - missing functions: none
symbol engine: initialized successfully - sym options: 0x614 - pdb path: .;C:\Users\babu1\Downloads\sts-4.16.0.RELEASE\plugins\org.eclipse.justj.openjdk.hotspot.jre.full.win32.x86_64_17.0.4.v20220903-1038\jre\bin;C:\WINDOWS\SYSTEM32;C:\WINDOWS\WinSxS\amd64_microsoft.windows.common-controls_6595b64144ccf1df_6.0.19041.1110_none_60b5254171f9507e;C:\Users\babu1\Downloads\sts-4.16.0.RELEASE\plugins\org.eclipse.justj.openjdk.hotspot.jre.full.win32.x86_64_17.0.4.v20220903-1038\jre\bin\server

VM Arguments:
jvm_args: -ea -Dfile.encoding=UTF-8 -XX:+ShowCodeDetailsInExceptionMessages 
java_command: org.testng.remote.RemoteTestNG -serport 59402 -protocol json -d C:\Users\babu1\Documents\workspace-spring-tool-suite-4-4.16.0.RELEASE\Appiumfirst\test-output C:\Users\babu1\AppData\Local\Temp\testng-eclipse--1654839158\testng-customsuite.xml
java_class_path (initial): C:\Users\babu1\Downloads\sts-4.16.0.RELEASE\configuration\org.eclipse.osgi\588\0\.cp\lib\testng-remote.jar;C:\Users\babu1\Documents\workspace-spring-tool-suite-4-4.16.0.RELEASE\Appiumfirst\target\test-classes;C:\Users\babu1\Documents\workspace-spring-tool-suite-4-4.16.0.RELEASE\Appiumfirst\target\classes;C:\Users\babu1\.m2\repository\io\appium\java-client\7.6.0\java-client-7.6.0.jar;C:\Users\babu1\.m2\repository\org\seleniumhq\selenium\selenium-support\3.141.59\selenium-support-3.141.59.jar;C:\Users\babu1\.m2\repository\org\seleniumhq\selenium\selenium-api\3.141.59\selenium-api-3.141.59.jar;C:\Users\babu1\.m2\repository\com\google\code\gson\gson\2.8.8\gson-2.8.8.jar;C:\Users\babu1\.m2\repository\org\apache\httpcomponents\httpclient\4.5.13\httpclient-4.5.13.jar;C:\Users\babu1\.m2\repository\org\apache\httpcomponents\httpcore\4.4.13\httpcore-4.4.13.jar;C:\Users\babu1\.m2\repository\commons-logging\commons-logging\1.2\commons-logging-1.2.jar;C:\Users\babu1\.m2\repository\cglib\cglib\3.3.0\cglib-3.3.0.jar;C:\Users\babu1\.m2\repository\org\ow2\asm\asm\7.1\asm-7.1.jar;C:\Users\babu1\.m2\repository\commons-validator\commons-validator\1.7\commons-validator-1.7.jar;C:\Users\babu1\.m2\repository\commons-beanutils\commons-beanutils\1.9.4\commons-beanutils-1.9.4.jar;C:\Users\babu1\.m2\repository\commons-digester\commons-digester\2.1\commons-digester-2.1.jar;C:\Users\babu1\.m2\repository\commons-io\commons-io\2.11.0\commons-io-2.11.0.jar;C:\Users\babu1\.m2\repository\org\springframework\spring-context\5.3.10\spring-context-5.3.10.jar;C:\Users\babu1\.m2\repository\org\springframework\spring-aop\5.3.10\spring-aop-5.3.10.jar;C:\Users\babu1\.m2\repository\org\springframework\spring-beans\5.3.10\spring-beans-5.3.10.jar;C:\Users\babu1\.m2\repository\org\springframework\spring-core\5.3.10\spring-core-5.3.10.jar;C:\Users\babu1\.m2\repository\org\springframework\spring-jcl\5.3.10\spring-jcl-5.3.10.jar;C:\Users\babu1\.m2\repository\org\springframework\spring-e
Launcher Type: SUN_STANDARD

[Global flags]
     intx CICompilerCount                          = 3                                         {product} {ergonomic}
     uint ConcGCThreads                            = 1                                         {product} {ergonomic}
     uint G1ConcRefinementThreads                  = 4                                         {product} {ergonomic}
   size_t G1HeapRegionSize                         = 1048576                                   {product} {ergonomic}
    uintx GCDrainStackTargetSize                   = 64                                        {product} {ergonomic}
   size_t InitialHeapSize                          = 134217728                                 {product} {ergonomic}
   size_t MarkStackSize                            = 4194304                                   {product} {ergonomic}
   size_t MaxHeapSize                              = 2128609280                                {product} {ergonomic}
   size_t MaxNewSize                               = 1277165568                                {product} {ergonomic}
   size_t MinHeapDeltaBytes                        = 1048576                                   {product} {ergonomic}
   size_t MinHeapSize                              = 8388608                                   {product} {ergonomic}
    uintx NonNMethodCodeHeapSize                   = 5832780                                {pd product} {ergonomic}
    uintx NonProfiledCodeHeapSize                  = 122912730                              {pd product} {ergonomic}
    uintx ProfiledCodeHeapSize                     = 122912730                              {pd product} {ergonomic}
    uintx ReservedCodeCacheSize                    = 251658240                              {pd product} {ergonomic}
     bool SegmentedCodeCache                       = true                                      {product} {ergonomic}
     bool ShowCodeDetailsInExceptionMessages       = true                                   {manageable} {command line}
   size_t SoftMaxHeapSize                          = 2128609280                             {manageable} {ergonomic}
     bool UseCompressedClassPointers               = true                           {product lp64_product} {ergonomic}
     bool UseCompressedOops                        = true                           {product lp64_product} {ergonomic}
     bool UseG1GC                                  = true                                      {product} {ergonomic}
     bool UseLargePagesIndividualAllocation        = false                                  {pd product} {ergonomic}

Logging:
Log output configuration:
 #0: stdout all=warning uptime,level,tags
 #1: stderr all=off uptime,level,tags

Environment Variables:
PATH=C:/Users/babu1/Downloads/sts-4.16.0.RELEASE//plugins/org.eclipse.justj.openjdk.hotspot.jre.full.win32.x86_64_17.0.4.v20220903-1038/jre/bin/server;C:/Users/babu1/Downloads/sts-4.16.0.RELEASE//plugins/org.eclipse.justj.openjdk.hotspot.jre.full.win32.x86_64_17.0.4.v20220903-1038/jre/bin;C:\Program Files (x86)\VMware\VMware Player\bin\;C:\Program Files (x86)\Intel\iCLS Client\;C:\Program Files\Intel\iCLS Client\;C:\WINDOWS\system32;C:\WINDOWS;C:\WINDOWS\System32\Wbem;C:\WINDOWS\System32\WindowsPowerShell\v1.0\;C:\Program Files (x86)\Intel\Intel(R) Management Engine Components\DAL;C:\Program Files\Intel\Intel(R) Management Engine Components\DAL;C:\Program Files (x86)\Intel\Intel(R) Management Engine Components\IPT;C:\Program Files\Intel\Intel(R) Management Engine Components\IPT;C:\WINDOWS\System32\OpenSSH\;C:\Program Files\Git\cmd;D:\apache-maven-3.8.6-bin\apache-maven-3.8.6\bin;C:\Program Files\Java\jdk-11.0.16.1\bin;C:\Program Files\nodejs;C:\Users\babu1\AppData\Roaming\npm;C:\Users\babu1\AppData\Roaming\npm\node_modules\newman\bin;C:\Program Files\nodejs\;C:\Users\babu1\AppData\Local\Programs\Python\Python39\Scripts;C:\Users\babu1\AppData\Local\Programs\Python\Python39\Scripts\;C:\Users\babu1\AppData\Local\Programs\Python\Python39\;C:\Program Files (x86)\Intel\iCLS Client\;C:\Program Files\Intel\iCLS Client\;C:\WINDOWS\system32;C:\WINDOWS;C:\WINDOWS\System32\Wbem;C:\WINDOWS\System32\WindowsPowerShell\v1.0\;C:\Program Files (x86)\Intel\Intel(R) Management Engine Components\DAL;C:\Program Files\Intel\Intel(R) Management Engine Components\DAL;C:\Program Files (x86)\Intel\Intel(R) Management Engine Components\IPT;C:\Program Files\Intel\Intel(R) Management Engine Components\IPT;C:\WINDOWS\System32\OpenSSH\;C:\Users\babu1\AppData\Local\Microsoft\WindowsApps;C:\Users\babu1\AppData\Local\Programs\Microsoft VS Code\bin;C:\Python38-32\Scripts;C:\Python38-32;C:\Program Files\JetBrains\IntelliJ IDEA Community Edition 2022.2.2\bin;;C:\Program Files\nodejs;C:\Users\babu1\AppData\
USERNAME=C B LekhaSree
OS=Windows_NT
PROCESSOR_IDENTIFIER=Intel64 Family 6 Model 78 Stepping 3, GenuineIntel
TMP=C:\Users\babu1\AppData\Local\Temp
TEMP=C:\Users\babu1\AppData\Local\Temp



---------------  S Y S T E M  ---------------

OS:
 Windows 10 , 64 bit Build 19041 (10.0.19041.2251)
OS uptime: 18 days 17:43 hours

CPU: total 4 (initial active 4) (2 cores per cpu, 2 threads per core) family 6 model 78 stepping 3 microcode 0xcc, cx8, cmov, fxsr, ht, mmx, 3dnowpref, sse, sse2, sse3, ssse3, sse4.1, sse4.2, popcnt, lzcnt, tsc, tscinvbit, avx, avx2, aes, erms, clmul, bmi1, bmi2, rtm, adx, fma, vzeroupper, clflush, clflushopt

Memory: 4k page, system-wide physical 8112M (417M free)
TotalPageFile size 14256M (AvailPageFile size 2M)
current process WorkingSet (physical memory assigned to process): 86M, peak: 95M
current process commit charge ("private bytes"): 130M, peak: 233M

vm_info: OpenJDK 64-Bit Server VM (17.0.4.1+1) for windows-amd64 JRE (17.0.4.1+1), built on Aug 17 2022 07:42:43 by "temurin" with MS VC++ 16.7 (VS2019)

END.
