#
# There is insufficient memory for the Java Runtime Environment to continue.
# Native memory allocation (mmap) failed to map 65536 bytes for Failed to commit metaspace.
# Possible reasons:
#   The system is out of physical RAM or swap space
#   The process is running with CompressedOops enabled, and the Java Heap may be blocking the growth of the native heap
# Possible solutions:
#   Reduce memory load on the system
#   Increase physical memory or swap space
#   Check if swap backing store is full
#   Decrease Java heap size (-Xmx/-Xms)
#   Decrease number of Java threads
#   Decrease Java thread stack sizes (-Xss)
#   Set larger code cache with -XX:ReservedCodeCacheSize=
#   JVM is running with Unscaled Compressed Oops mode in which the Java heap is
#     placed in the first 4GB address space. The Java Heap base address is the
#     maximum limit for the native heap growth. Please use -XX:HeapBaseMinAddress
#     to set the Java Heap base and to place the Java Heap above 4GB virtual address.
# This output file may be truncated or incomplete.
#
#  Out of Memory Error (virtualSpaceNode.cpp:110), pid=56684, tid=26440
#
# JRE version: OpenJDK Runtime Environment Temurin-17.0.4.1+1 (17.0.4.1+1) (build 17.0.4.1+1)
# Java VM: OpenJDK 64-Bit Server VM Temurin-17.0.4.1+1 (17.0.4.1+1, mixed mode, tiered, compressed oops, compressed class ptrs, g1 gc, windows-amd64)
# No core dump will be written. Minidumps are not enabled by default on client versions of Windows
#

---------------  S U M M A R Y ------------

Command Line: -ea -Dfile.encoding=UTF-8 -XX:+ShowCodeDetailsInExceptionMessages org.testng.remote.RemoteTestNG -serport 60160 -protocol json -d C:\Users\babu1\Documents\workspace-spring-tool-suite-4-4.16.0.RELEASE\Appiumfirst\test-output C:\Users\babu1\AppData\Local\Temp\testng-eclipse--1096585472\testng-customsuite.xml

Host: Intel(R) Core(TM) i3-6100U CPU @ 2.30GHz, 4 cores, 7G,  Windows 10 , 64 bit Build 19041 (10.0.19041.2251)
Time: Thu Dec  1 15:21:09 2022 India Standard Time elapsed time: 1.562149 seconds (0d 0h 0m 1s)

---------------  T H R E A D  ---------------

Current thread (0x000001eb4638fda0):  JavaThread "main" [_thread_in_vm, id=26440, stack(0x0000008e5d500000,0x0000008e5d600000)]

Stack: [0x0000008e5d500000,0x0000008e5d600000]
Native frames: (J=compiled Java code, j=interpreted, Vv=VM code, C=native code)
V  [jvm.dll+0x67731a]
V  [jvm.dll+0x832284]
V  [jvm.dll+0x833a2e]
V  [jvm.dll+0x834093]
V  [jvm.dll+0x245775]
V  [jvm.dll+0x82e22b]
V  [jvm.dll+0x61bdf6]
V  [jvm.dll+0x61be5a]
V  [jvm.dll+0x61e67a]
V  [jvm.dll+0x61c796]
V  [jvm.dll+0x239e0f]
V  [jvm.dll+0x6265a5]
V  [jvm.dll+0x1ea5db]
V  [jvm.dll+0x1eab15]
V  [jvm.dll+0x1eb54f]
V  [jvm.dll+0x1e09f1]
V  [jvm.dll+0x53c910]
V  [jvm.dll+0x1f11e7]
V  [jvm.dll+0x7ac56b]
V  [jvm.dll+0x7ad912]
V  [jvm.dll+0x7adc48]
V  [jvm.dll+0x23db7e]
V  [jvm.dll+0x37f29e]
C  0x000001eb49a6b6ce

Java frames: (J=compiled Java code, j=interpreted, Vv=VM code)
j  com.sun.org.apache.xerces.internal.impl.XMLDocumentScannerImpl.<init>()V+53 java.xml@17.0.4.1
j  com.sun.org.apache.xerces.internal.impl.XMLNSDocumentScannerImpl.<init>()V+1 java.xml@17.0.4.1
j  com.sun.org.apache.xerces.internal.parsers.XML11Configuration.<init>(Lcom/sun/org/apache/xerces/internal/util/SymbolTable;Lcom/sun/org/apache/xerces/internal/xni/grammars/XMLGrammarPool;Lcom/sun/org/apache/xerces/internal/xni/parser/XMLComponentManager;)V+997 java.xml@17.0.4.1
j  com.sun.org.apache.xerces.internal.parsers.XIncludeAwareParserConfiguration.<init>(Lcom/sun/org/apache/xerces/internal/util/SymbolTable;Lcom/sun/org/apache/xerces/internal/xni/grammars/XMLGrammarPool;Lcom/sun/org/apache/xerces/internal/xni/parser/XMLComponentManager;)V+4 java.xml@17.0.4.1
j  com.sun.org.apache.xerces.internal.parsers.XIncludeAwareParserConfiguration.<init>()V+4 java.xml@17.0.4.1
j  com.sun.org.apache.xerces.internal.parsers.SAXParser.<init>(Lcom/sun/org/apache/xerces/internal/util/SymbolTable;Lcom/sun/org/apache/xerces/internal/xni/grammars/XMLGrammarPool;)V+5 java.xml@17.0.4.1
j  com.sun.org.apache.xerces.internal.parsers.SAXParser.<init>()V+3 java.xml@17.0.4.1
j  com.sun.org.apache.xerces.internal.jaxp.SAXParserImpl$JAXPSAXParser.<init>(Lcom/sun/org/apache/xerces/internal/jaxp/SAXParserImpl;Lcom/sun/org/apache/xerces/internal/utils/XMLSecurityPropertyManager;Lcom/sun/org/apache/xerces/internal/utils/XMLSecurityManager;)V+1 java.xml@17.0.4.1
j  com.sun.org.apache.xerces.internal.jaxp.SAXParserImpl.<init>(Lcom/sun/org/apache/xerces/internal/jaxp/SAXParserFactoryImpl;Ljava/util/Map;Z)V+46 java.xml@17.0.4.1
j  com.sun.org.apache.xerces.internal.jaxp.SAXParserImpl.<init>(Lcom/sun/org/apache/xerces/internal/jaxp/SAXParserFactoryImpl;Ljava/util/Map;)V+4 java.xml@17.0.4.1
j  com.sun.org.apache.xerces.internal.jaxp.SAXParserFactoryImpl.newSAXParserImpl()Lcom/sun/org/apache/xerces/internal/jaxp/SAXParserImpl;+9 java.xml@17.0.4.1
j  com.sun.org.apache.xerces.internal.jaxp.SAXParserFactoryImpl.getFeature(Ljava/lang/String;)Z+27 java.xml@17.0.4.1
j  org.testng.xml.XMLParser.supportsValidation(Ljavax/xml/parsers/SAXParserFactory;)Z+3
j  org.testng.xml.XMLParser.<clinit>()V+5
v  ~StubRoutines::call_stub
j  org.testng.xml.internal.Parser.<clinit>()V+0
v  ~StubRoutines::call_stub
j  org.testng.TestNG.parseSuite(Ljava/lang/String;)Ljava/util/Collection;+26
j  org.testng.TestNG.initializeSuitesAndJarFile()V+61
j  org.testng.TestNG.initializeEverything()V+9
j  org.testng.remote.support.RemoteTestNG6_12.initialize()V+1
j  org.testng.remote.AbstractRemoteTestNG.run()V+27
j  org.testng.remote.RemoteTestNG.initAndRun(Lorg/testng/remote/IRemoteTestNG;[Ljava/lang/String;Lorg/testng/CommandLineArgs;Lorg/testng/remote/RemoteArgs;)V+184
j  org.testng.remote.RemoteTestNG.main([Ljava/lang/String;)V+201
v  ~StubRoutines::call_stub

---------------  P R O C E S S  ---------------

Threads class SMR info:
_java_thread_list=0x000001eb60e5a5f0, length=14, elements={
0x000001eb4638fda0, 0x000001eb5fab7220, 0x000001eb5fab8090, 0x000001eb5fb013a0,
0x000001eb5fb02d60, 0x000001eb5fb03710, 0x000001eb5fb040c0, 0x000001eb5fb04e50,
0x000001eb5fb0e8b0, 0x000001eb60582060, 0x000001eb6067f680, 0x000001eb6069aa00,
0x000001eb60786850, 0x000001eb60c64640
}

Java Threads: ( => current thread )
=>0x000001eb4638fda0 JavaThread "main" [_thread_in_vm, id=26440, stack(0x0000008e5d500000,0x0000008e5d600000)]
  0x000001eb5fab7220 JavaThread "Reference Handler" daemon [_thread_blocked, id=34928, stack(0x0000008e5dc00000,0x0000008e5dd00000)]
  0x000001eb5fab8090 JavaThread "Finalizer" daemon [_thread_blocked, id=7340, stack(0x0000008e5dd00000,0x0000008e5de00000)]
  0x000001eb5fb013a0 JavaThread "Signal Dispatcher" daemon [_thread_blocked, id=4168, stack(0x0000008e5de00000,0x0000008e5df00000)]
  0x000001eb5fb02d60 JavaThread "Attach Listener" daemon [_thread_blocked, id=19708, stack(0x0000008e5df00000,0x0000008e5e000000)]
  0x000001eb5fb03710 JavaThread "Service Thread" daemon [_thread_blocked, id=35476, stack(0x0000008e5e000000,0x0000008e5e100000)]
  0x000001eb5fb040c0 JavaThread "Monitor Deflation Thread" daemon [_thread_blocked, id=15852, stack(0x0000008e5e100000,0x0000008e5e200000)]
  0x000001eb5fb04e50 JavaThread "C2 CompilerThread0" daemon [_thread_blocked, id=49304, stack(0x0000008e5e200000,0x0000008e5e300000)]
  0x000001eb5fb0e8b0 JavaThread "C1 CompilerThread0" daemon [_thread_blocked, id=28992, stack(0x0000008e5e300000,0x0000008e5e400000)]
  0x000001eb60582060 JavaThread "Sweeper thread" daemon [_thread_blocked, id=38640, stack(0x0000008e5e400000,0x0000008e5e500000)]
  0x000001eb6067f680 JavaThread "Notification Thread" daemon [_thread_blocked, id=27812, stack(0x0000008e5e500000,0x0000008e5e600000)]
  0x000001eb6069aa00 JavaThread "Common-Cleaner" daemon [_thread_blocked, id=23528, stack(0x0000008e5e700000,0x0000008e5e800000)]
  0x000001eb60786850 JavaThread "C2 CompilerThread1" daemon [_thread_blocked, id=44688, stack(0x0000008e5e800000,0x0000008e5e900000)]
  0x000001eb60c64640 JavaThread "ReaderThread" [_thread_in_native, id=26664, stack(0x0000008e5ea00000,0x0000008e5eb00000)]

Other Threads:
  0x000001eb5fab21f0 VMThread "VM Thread" [stack: 0x0000008e5db00000,0x0000008e5dc00000] [id=23324]
  0x000001eb60681b60 WatcherThread [stack: 0x0000008e5e600000,0x0000008e5e700000] [id=54172]
  0x000001eb463e8f30 GCTaskThread "GC Thread#0" [stack: 0x0000008e5d600000,0x0000008e5d700000] [id=45412]
  0x000001eb463f9c30 ConcurrentGCThread "G1 Main Marker" [stack: 0x0000008e5d700000,0x0000008e5d800000] [id=12888]
  0x000001eb463fc660 ConcurrentGCThread "G1 Conc#0" [stack: 0x0000008e5d800000,0x0000008e5d900000] [id=14148]
  0x000001eb464514b0 ConcurrentGCThread "G1 Refine#0" [stack: 0x0000008e5d900000,0x0000008e5da00000] [id=27188]
  0x000001eb46455ee0 ConcurrentGCThread "G1 Service" [stack: 0x0000008e5da00000,0x0000008e5db00000] [id=22200]

Threads with active compile tasks:

VM state: not at safepoint (normal execution)

VM Mutex/Monitor currently owned by a thread:  ([mutex/lock_event])
[0x000001eb4638a350] Metaspace_lock - owner thread: 0x000001eb4638fda0

Heap address: 0x0000000081200000, size: 2030 MB, Compressed Oops mode: 32-bit

CDS archive(s) not mapped
Compressed class space mapped at: 0x0000000100000000-0x0000000140000000, reserved size: 1073741824
Narrow klass base: 0x0000000000000000, Narrow klass shift: 3, Narrow klass range: 0x140000000

GC Precious Log:
 CPUs: 4 total, 4 available
 Memory: 8112M
 Large Page Support: Disabled
 NUMA Support: Disabled
 Compressed Oops: Enabled (32-bit)
 Heap Region Size: 1M
 Heap Min Capacity: 8M
 Heap Initial Capacity: 128M
 Heap Max Capacity: 2030M
 Pre-touch: Disabled
 Parallel Workers: 4
 Concurrent Workers: 1
 Concurrent Refinement Workers: 4
 Periodic GC: Disabled

Heap:
 garbage-first heap   total 131072K, used 7168K [0x0000000081200000, 0x0000000100000000)
  region size 1024K, 9 young (9216K), 0 survivors (0K)
 Metaspace       used 9925K, committed 10048K, reserved 1064960K
  class space    used 905K, committed 960K, reserved 1048576K

Heap Regions: E=young(eden), S=young(survivor), O=old, HS=humongous(starts), HC=humongous(continues), CS=collection set, F=free, OA=open archive, CA=closed archive, TAMS=top-at-mark-start (previous, next)
|   0|0x0000000081200000, 0x0000000081200000, 0x0000000081300000|  0%| F|  |TAMS 0x0000000081200000, 0x0000000081200000| Untracked 
|   1|0x0000000081300000, 0x0000000081300000, 0x0000000081400000|  0%| F|  |TAMS 0x0000000081300000, 0x0000000081300000| Untracked 
|   2|0x0000000081400000, 0x0000000081400000, 0x0000000081500000|  0%| F|  |TAMS 0x0000000081400000, 0x0000000081400000| Untracked 
|   3|0x0000000081500000, 0x0000000081500000, 0x0000000081600000|  0%| F|  |TAMS 0x0000000081500000, 0x0000000081500000| Untracked 
|   4|0x0000000081600000, 0x0000000081600000, 0x0000000081700000|  0%| F|  |TAMS 0x0000000081600000, 0x0000000081600000| Untracked 
|   5|0x0000000081700000, 0x0000000081700000, 0x0000000081800000|  0%| F|  |TAMS 0x0000000081700000, 0x0000000081700000| Untracked 
|   6|0x0000000081800000, 0x0000000081800000, 0x0000000081900000|  0%| F|  |TAMS 0x0000000081800000, 0x0000000081800000| Untracked 
|   7|0x0000000081900000, 0x0000000081900000, 0x0000000081a00000|  0%| F|  |TAMS 0x0000000081900000, 0x0000000081900000| Untracked 
|   8|0x0000000081a00000, 0x0000000081a00000, 0x0000000081b00000|  0%| F|  |TAMS 0x0000000081a00000, 0x0000000081a00000| Untracked 
|   9|0x0000000081b00000, 0x0000000081b00000, 0x0000000081c00000|  0%| F|  |TAMS 0x0000000081b00000, 0x0000000081b00000| Untracked 
|  10|0x0000000081c00000, 0x0000000081c00000, 0x0000000081d00000|  0%| F|  |TAMS 0x0000000081c00000, 0x0000000081c00000| Untracked 
|  11|0x0000000081d00000, 0x0000000081d00000, 0x0000000081e00000|  0%| F|  |TAMS 0x0000000081d00000, 0x0000000081d00000| Untracked 
|  12|0x0000000081e00000, 0x0000000081e00000, 0x0000000081f00000|  0%| F|  |TAMS 0x0000000081e00000, 0x0000000081e00000| Untracked 
|  13|0x0000000081f00000, 0x0000000081f00000, 0x0000000082000000|  0%| F|  |TAMS 0x0000000081f00000, 0x0000000081f00000| Untracked 
|  14|0x0000000082000000, 0x0000000082000000, 0x0000000082100000|  0%| F|  |TAMS 0x0000000082000000, 0x0000000082000000| Untracked 
|  15|0x0000000082100000, 0x0000000082100000, 0x0000000082200000|  0%| F|  |TAMS 0x0000000082100000, 0x0000000082100000| Untracked 
|  16|0x0000000082200000, 0x0000000082200000, 0x0000000082300000|  0%| F|  |TAMS 0x0000000082200000, 0x0000000082200000| Untracked 
|  17|0x0000000082300000, 0x0000000082300000, 0x0000000082400000|  0%| F|  |TAMS 0x0000000082300000, 0x0000000082300000| Untracked 
|  18|0x0000000082400000, 0x0000000082400000, 0x0000000082500000|  0%| F|  |TAMS 0x0000000082400000, 0x0000000082400000| Untracked 
|  19|0x0000000082500000, 0x0000000082500000, 0x0000000082600000|  0%| F|  |TAMS 0x0000000082500000, 0x0000000082500000| Untracked 
|  20|0x0000000082600000, 0x0000000082600000, 0x0000000082700000|  0%| F|  |TAMS 0x0000000082600000, 0x0000000082600000| Untracked 
|  21|0x0000000082700000, 0x0000000082700000, 0x0000000082800000|  0%| F|  |TAMS 0x0000000082700000, 0x0000000082700000| Untracked 
|  22|0x0000000082800000, 0x0000000082800000, 0x0000000082900000|  0%| F|  |TAMS 0x0000000082800000, 0x0000000082800000| Untracked 
|  23|0x0000000082900000, 0x0000000082900000, 0x0000000082a00000|  0%| F|  |TAMS 0x0000000082900000, 0x0000000082900000| Untracked 
|  24|0x0000000082a00000, 0x0000000082a00000, 0x0000000082b00000|  0%| F|  |TAMS 0x0000000082a00000, 0x0000000082a00000| Untracked 
|  25|0x0000000082b00000, 0x0000000082b00000, 0x0000000082c00000|  0%| F|  |TAMS 0x0000000082b00000, 0x0000000082b00000| Untracked 
|  26|0x0000000082c00000, 0x0000000082c00000, 0x0000000082d00000|  0%| F|  |TAMS 0x0000000082c00000, 0x0000000082c00000| Untracked 
|  27|0x0000000082d00000, 0x0000000082d00000, 0x0000000082e00000|  0%| F|  |TAMS 0x0000000082d00000, 0x0000000082d00000| Untracked 
|  28|0x0000000082e00000, 0x0000000082e00000, 0x0000000082f00000|  0%| F|  |TAMS 0x0000000082e00000, 0x0000000082e00000| Untracked 
|  29|0x0000000082f00000, 0x0000000082f00000, 0x0000000083000000|  0%| F|  |TAMS 0x0000000082f00000, 0x0000000082f00000| Untracked 
|  30|0x0000000083000000, 0x0000000083000000, 0x0000000083100000|  0%| F|  |TAMS 0x0000000083000000, 0x0000000083000000| Untracked 
|  31|0x0000000083100000, 0x0000000083100000, 0x0000000083200000|  0%| F|  |TAMS 0x0000000083100000, 0x0000000083100000| Untracked 
|  32|0x0000000083200000, 0x0000000083200000, 0x0000000083300000|  0%| F|  |TAMS 0x0000000083200000, 0x0000000083200000| Untracked 
|  33|0x0000000083300000, 0x0000000083300000, 0x0000000083400000|  0%| F|  |TAMS 0x0000000083300000, 0x0000000083300000| Untracked 
|  34|0x0000000083400000, 0x0000000083400000, 0x0000000083500000|  0%| F|  |TAMS 0x0000000083400000, 0x0000000083400000| Untracked 
|  35|0x0000000083500000, 0x0000000083500000, 0x0000000083600000|  0%| F|  |TAMS 0x0000000083500000, 0x0000000083500000| Untracked 
|  36|0x0000000083600000, 0x0000000083600000, 0x0000000083700000|  0%| F|  |TAMS 0x0000000083600000, 0x0000000083600000| Untracked 
|  37|0x0000000083700000, 0x0000000083700000, 0x0000000083800000|  0%| F|  |TAMS 0x0000000083700000, 0x0000000083700000| Untracked 
|  38|0x0000000083800000, 0x0000000083800000, 0x0000000083900000|  0%| F|  |TAMS 0x0000000083800000, 0x0000000083800000| Untracked 
|  39|0x0000000083900000, 0x0000000083900000, 0x0000000083a00000|  0%| F|  |TAMS 0x0000000083900000, 0x0000000083900000| Untracked 
|  40|0x0000000083a00000, 0x0000000083a00000, 0x0000000083b00000|  0%| F|  |TAMS 0x0000000083a00000, 0x0000000083a00000| Untracked 
|  41|0x0000000083b00000, 0x0000000083b00000, 0x0000000083c00000|  0%| F|  |TAMS 0x0000000083b00000, 0x0000000083b00000| Untracked 
|  42|0x0000000083c00000, 0x0000000083c00000, 0x0000000083d00000|  0%| F|  |TAMS 0x0000000083c00000, 0x0000000083c00000| Untracked 
|  43|0x0000000083d00000, 0x0000000083d00000, 0x0000000083e00000|  0%| F|  |TAMS 0x0000000083d00000, 0x0000000083d00000| Untracked 
|  44|0x0000000083e00000, 0x0000000083e00000, 0x0000000083f00000|  0%| F|  |TAMS 0x0000000083e00000, 0x0000000083e00000| Untracked 
|  45|0x0000000083f00000, 0x0000000083f00000, 0x0000000084000000|  0%| F|  |TAMS 0x0000000083f00000, 0x0000000083f00000| Untracked 
|  46|0x0000000084000000, 0x0000000084000000, 0x0000000084100000|  0%| F|  |TAMS 0x0000000084000000, 0x0000000084000000| Untracked 
|  47|0x0000000084100000, 0x0000000084100000, 0x0000000084200000|  0%| F|  |TAMS 0x0000000084100000, 0x0000000084100000| Untracked 
|  48|0x0000000084200000, 0x0000000084200000, 0x0000000084300000|  0%| F|  |TAMS 0x0000000084200000, 0x0000000084200000| Untracked 
|  49|0x0000000084300000, 0x0000000084300000, 0x0000000084400000|  0%| F|  |TAMS 0x0000000084300000, 0x0000000084300000| Untracked 
|  50|0x0000000084400000, 0x0000000084400000, 0x0000000084500000|  0%| F|  |TAMS 0x0000000084400000, 0x0000000084400000| Untracked 
|  51|0x0000000084500000, 0x0000000084500000, 0x0000000084600000|  0%| F|  |TAMS 0x0000000084500000, 0x0000000084500000| Untracked 
|  52|0x0000000084600000, 0x0000000084600000, 0x0000000084700000|  0%| F|  |TAMS 0x0000000084600000, 0x0000000084600000| Untracked 
|  53|0x0000000084700000, 0x0000000084700000, 0x0000000084800000|  0%| F|  |TAMS 0x0000000084700000, 0x0000000084700000| Untracked 
|  54|0x0000000084800000, 0x0000000084800000, 0x0000000084900000|  0%| F|  |TAMS 0x0000000084800000, 0x0000000084800000| Untracked 
|  55|0x0000000084900000, 0x0000000084900000, 0x0000000084a00000|  0%| F|  |TAMS 0x0000000084900000, 0x0000000084900000| Untracked 
|  56|0x0000000084a00000, 0x0000000084a00000, 0x0000000084b00000|  0%| F|  |TAMS 0x0000000084a00000, 0x0000000084a00000| Untracked 
|  57|0x0000000084b00000, 0x0000000084b00000, 0x0000000084c00000|  0%| F|  |TAMS 0x0000000084b00000, 0x0000000084b00000| Untracked 
|  58|0x0000000084c00000, 0x0000000084c00000, 0x0000000084d00000|  0%| F|  |TAMS 0x0000000084c00000, 0x0000000084c00000| Untracked 
|  59|0x0000000084d00000, 0x0000000084d00000, 0x0000000084e00000|  0%| F|  |TAMS 0x0000000084d00000, 0x0000000084d00000| Untracked 
|  60|0x0000000084e00000, 0x0000000084e00000, 0x0000000084f00000|  0%| F|  |TAMS 0x0000000084e00000, 0x0000000084e00000| Untracked 
|  61|0x0000000084f00000, 0x0000000084f00000, 0x0000000085000000|  0%| F|  |TAMS 0x0000000084f00000, 0x0000000084f00000| Untracked 
|  62|0x0000000085000000, 0x0000000085000000, 0x0000000085100000|  0%| F|  |TAMS 0x0000000085000000, 0x0000000085000000| Untracked 
|  63|0x0000000085100000, 0x0000000085100000, 0x0000000085200000|  0%| F|  |TAMS 0x0000000085100000, 0x0000000085100000| Untracked 
|  64|0x0000000085200000, 0x0000000085200000, 0x0000000085300000|  0%| F|  |TAMS 0x0000000085200000, 0x0000000085200000| Untracked 
|  65|0x0000000085300000, 0x0000000085300000, 0x0000000085400000|  0%| F|  |TAMS 0x0000000085300000, 0x0000000085300000| Untracked 
|  66|0x0000000085400000, 0x0000000085400000, 0x0000000085500000|  0%| F|  |TAMS 0x0000000085400000, 0x0000000085400000| Untracked 
|  67|0x0000000085500000, 0x0000000085500000, 0x0000000085600000|  0%| F|  |TAMS 0x0000000085500000, 0x0000000085500000| Untracked 
|  68|0x0000000085600000, 0x0000000085600000, 0x0000000085700000|  0%| F|  |TAMS 0x0000000085600000, 0x0000000085600000| Untracked 
|  69|0x0000000085700000, 0x0000000085700000, 0x0000000085800000|  0%| F|  |TAMS 0x0000000085700000, 0x0000000085700000| Untracked 
|  70|0x0000000085800000, 0x0000000085800000, 0x0000000085900000|  0%| F|  |TAMS 0x0000000085800000, 0x0000000085800000| Untracked 
|  71|0x0000000085900000, 0x0000000085900000, 0x0000000085a00000|  0%| F|  |TAMS 0x0000000085900000, 0x0000000085900000| Untracked 
|  72|0x0000000085a00000, 0x0000000085a00000, 0x0000000085b00000|  0%| F|  |TAMS 0x0000000085a00000, 0x0000000085a00000| Untracked 
|  73|0x0000000085b00000, 0x0000000085b00000, 0x0000000085c00000|  0%| F|  |TAMS 0x0000000085b00000, 0x0000000085b00000| Untracked 
|  74|0x0000000085c00000, 0x0000000085c00000, 0x0000000085d00000|  0%| F|  |TAMS 0x0000000085c00000, 0x0000000085c00000| Untracked 
|  75|0x0000000085d00000, 0x0000000085d00000, 0x0000000085e00000|  0%| F|  |TAMS 0x0000000085d00000, 0x0000000085d00000| Untracked 
|  76|0x0000000085e00000, 0x0000000085e00000, 0x0000000085f00000|  0%| F|  |TAMS 0x0000000085e00000, 0x0000000085e00000| Untracked 
|  77|0x0000000085f00000, 0x0000000085f00000, 0x0000000086000000|  0%| F|  |TAMS 0x0000000085f00000, 0x0000000085f00000| Untracked 
|  78|0x0000000086000000, 0x0000000086000000, 0x0000000086100000|  0%| F|  |TAMS 0x0000000086000000, 0x0000000086000000| Untracked 
|  79|0x0000000086100000, 0x0000000086100000, 0x0000000086200000|  0%| F|  |TAMS 0x0000000086100000, 0x0000000086100000| Untracked 
|  80|0x0000000086200000, 0x0000000086200000, 0x0000000086300000|  0%| F|  |TAMS 0x0000000086200000, 0x0000000086200000| Untracked 
|  81|0x0000000086300000, 0x0000000086300000, 0x0000000086400000|  0%| F|  |TAMS 0x0000000086300000, 0x0000000086300000| Untracked 
|  82|0x0000000086400000, 0x0000000086400000, 0x0000000086500000|  0%| F|  |TAMS 0x0000000086400000, 0x0000000086400000| Untracked 
|  83|0x0000000086500000, 0x0000000086500000, 0x0000000086600000|  0%| F|  |TAMS 0x0000000086500000, 0x0000000086500000| Untracked 
|  84|0x0000000086600000, 0x0000000086600000, 0x0000000086700000|  0%| F|  |TAMS 0x0000000086600000, 0x0000000086600000| Untracked 
|  85|0x0000000086700000, 0x0000000086700000, 0x0000000086800000|  0%| F|  |TAMS 0x0000000086700000, 0x0000000086700000| Untracked 
|  86|0x0000000086800000, 0x0000000086800000, 0x0000000086900000|  0%| F|  |TAMS 0x0000000086800000, 0x0000000086800000| Untracked 
|  87|0x0000000086900000, 0x0000000086900000, 0x0000000086a00000|  0%| F|  |TAMS 0x0000000086900000, 0x0000000086900000| Untracked 
|  88|0x0000000086a00000, 0x0000000086a00000, 0x0000000086b00000|  0%| F|  |TAMS 0x0000000086a00000, 0x0000000086a00000| Untracked 
|  89|0x0000000086b00000, 0x0000000086b00000, 0x0000000086c00000|  0%| F|  |TAMS 0x0000000086b00000, 0x0000000086b00000| Untracked 
|  90|0x0000000086c00000, 0x0000000086c00000, 0x0000000086d00000|  0%| F|  |TAMS 0x0000000086c00000, 0x0000000086c00000| Untracked 
|  91|0x0000000086d00000, 0x0000000086d00000, 0x0000000086e00000|  0%| F|  |TAMS 0x0000000086d00000, 0x0000000086d00000| Untracked 
|  92|0x0000000086e00000, 0x0000000086e00000, 0x0000000086f00000|  0%| F|  |TAMS 0x0000000086e00000, 0x0000000086e00000| Untracked 
|  93|0x0000000086f00000, 0x0000000086f00000, 0x0000000087000000|  0%| F|  |TAMS 0x0000000086f00000, 0x0000000086f00000| Untracked 
|  94|0x0000000087000000, 0x0000000087000000, 0x0000000087100000|  0%| F|  |TAMS 0x0000000087000000, 0x0000000087000000| Untracked 
|  95|0x0000000087100000, 0x0000000087100000, 0x0000000087200000|  0%| F|  |TAMS 0x0000000087100000, 0x0000000087100000| Untracked 
|  96|0x0000000087200000, 0x0000000087200000, 0x0000000087300000|  0%| F|  |TAMS 0x0000000087200000, 0x0000000087200000| Untracked 
|  97|0x0000000087300000, 0x0000000087300000, 0x0000000087400000|  0%| F|  |TAMS 0x0000000087300000, 0x0000000087300000| Untracked 
|  98|0x0000000087400000, 0x0000000087400000, 0x0000000087500000|  0%| F|  |TAMS 0x0000000087400000, 0x0000000087400000| Untracked 
|  99|0x0000000087500000, 0x0000000087500000, 0x0000000087600000|  0%| F|  |TAMS 0x0000000087500000, 0x0000000087500000| Untracked 
| 100|0x0000000087600000, 0x0000000087600000, 0x0000000087700000|  0%| F|  |TAMS 0x0000000087600000, 0x0000000087600000| Untracked 
| 101|0x0000000087700000, 0x0000000087700000, 0x0000000087800000|  0%| F|  |TAMS 0x0000000087700000, 0x0000000087700000| Untracked 
| 102|0x0000000087800000, 0x0000000087800000, 0x0000000087900000|  0%| F|  |TAMS 0x0000000087800000, 0x0000000087800000| Untracked 
| 103|0x0000000087900000, 0x0000000087900000, 0x0000000087a00000|  0%| F|  |TAMS 0x0000000087900000, 0x0000000087900000| Untracked 
| 104|0x0000000087a00000, 0x0000000087a00000, 0x0000000087b00000|  0%| F|  |TAMS 0x0000000087a00000, 0x0000000087a00000| Untracked 
| 105|0x0000000087b00000, 0x0000000087b00000, 0x0000000087c00000|  0%| F|  |TAMS 0x0000000087b00000, 0x0000000087b00000| Untracked 
| 106|0x0000000087c00000, 0x0000000087c00000, 0x0000000087d00000|  0%| F|  |TAMS 0x0000000087c00000, 0x0000000087c00000| Untracked 
| 107|0x0000000087d00000, 0x0000000087d00000, 0x0000000087e00000|  0%| F|  |TAMS 0x0000000087d00000, 0x0000000087d00000| Untracked 
| 108|0x0000000087e00000, 0x0000000087e00000, 0x0000000087f00000|  0%| F|  |TAMS 0x0000000087e00000, 0x0000000087e00000| Untracked 
| 109|0x0000000087f00000, 0x0000000087f00000, 0x0000000088000000|  0%| F|  |TAMS 0x0000000087f00000, 0x0000000087f00000| Untracked 
| 110|0x0000000088000000, 0x0000000088000000, 0x0000000088100000|  0%| F|  |TAMS 0x0000000088000000, 0x0000000088000000| Untracked 
| 111|0x0000000088100000, 0x0000000088100000, 0x0000000088200000|  0%| F|  |TAMS 0x0000000088100000, 0x0000000088100000| Untracked 
| 112|0x0000000088200000, 0x0000000088200000, 0x0000000088300000|  0%| F|  |TAMS 0x0000000088200000, 0x0000000088200000| Untracked 
| 113|0x0000000088300000, 0x0000000088300000, 0x0000000088400000|  0%| F|  |TAMS 0x0000000088300000, 0x0000000088300000| Untracked 
| 114|0x0000000088400000, 0x0000000088400000, 0x0000000088500000|  0%| F|  |TAMS 0x0000000088400000, 0x0000000088400000| Untracked 
| 115|0x0000000088500000, 0x0000000088500000, 0x0000000088600000|  0%| F|  |TAMS 0x0000000088500000, 0x0000000088500000| Untracked 
| 116|0x0000000088600000, 0x0000000088600000, 0x0000000088700000|  0%| F|  |TAMS 0x0000000088600000, 0x0000000088600000| Untracked 
| 117|0x0000000088700000, 0x0000000088700000, 0x0000000088800000|  0%| F|  |TAMS 0x0000000088700000, 0x0000000088700000| Untracked 
| 118|0x0000000088800000, 0x0000000088800000, 0x0000000088900000|  0%| F|  |TAMS 0x0000000088800000, 0x0000000088800000| Untracked 
| 119|0x0000000088900000, 0x00000000889d2480, 0x0000000088a00000| 82%| E|  |TAMS 0x0000000088900000, 0x0000000088900000| Complete 
| 120|0x0000000088a00000, 0x0000000088b00000, 0x0000000088b00000|100%| E|CS|TAMS 0x0000000088a00000, 0x0000000088a00000| Complete 
| 121|0x0000000088b00000, 0x0000000088c00000, 0x0000000088c00000|100%| E|CS|TAMS 0x0000000088b00000, 0x0000000088b00000| Complete 
| 122|0x0000000088c00000, 0x0000000088d00000, 0x0000000088d00000|100%| E|CS|TAMS 0x0000000088c00000, 0x0000000088c00000| Complete 
| 123|0x0000000088d00000, 0x0000000088e00000, 0x0000000088e00000|100%| E|  |TAMS 0x0000000088d00000, 0x0000000088d00000| Complete 
| 124|0x0000000088e00000, 0x0000000088f00000, 0x0000000088f00000|100%| E|CS|TAMS 0x0000000088e00000, 0x0000000088e00000| Complete 
| 125|0x0000000088f00000, 0x0000000089000000, 0x0000000089000000|100%| E|CS|TAMS 0x0000000088f00000, 0x0000000088f00000| Complete 
| 126|0x0000000089000000, 0x0000000089100000, 0x0000000089100000|100%| E|CS|TAMS 0x0000000089000000, 0x0000000089000000| Complete 
| 127|0x0000000089100000, 0x0000000089200000, 0x0000000089200000|100%| E|CS|TAMS 0x0000000089100000, 0x0000000089100000| Complete 

Card table byte_map: [0x000001eb58e50000,0x000001eb59250000] _byte_map_base: 0x000001eb58a47000

Marking Bits (Prev, Next): (CMBitMap*) 0x000001eb463e9540, (CMBitMap*) 0x000001eb463e9580
 Prev Bits: [0x000001eb59650000, 0x000001eb5b608000)
 Next Bits: [0x000001eb5b610000, 0x000001eb5d5c8000)

Polling page: 0x000001eb44260000

Metaspace:

Usage:
  Non-class:      8.81 MB used.
      Class:    905.26 KB used.
       Both:      9.69 MB used.

Virtual space:
  Non-class space:       16.00 MB reserved,       8.88 MB ( 55%) committed,  2 nodes.
      Class space:        1.00 GB reserved,     960.00 KB ( <1%) committed,  1 nodes.
             Both:        1.02 GB reserved,       9.81 MB ( <1%) committed. 

Chunk freelists:
   Non-Class:  2.92 MB
       Class:  3.02 MB
        Both:  5.94 MB

MaxMetaspaceSize: unlimited
CompressedClassSpaceSize: 1.00 GB
Initial GC threshold: 21.00 MB
Current GC threshold: 21.00 MB
CDS: off
MetaspaceReclaimPolicy: balanced
 - commit_granule_bytes: 65536.
 - commit_granule_words: 8192.
 - virtual_space_node_default_size: 1048576.
 - enlarge_chunks_in_place: 1.
 - new_chunks_are_fully_committed: 0.
 - uncommit_free_chunks: 1.
 - use_allocation_guard: 0.
 - handle_deallocations: 1.


Internal statistics:

num_allocs_failed_limit: 0.
num_arena_births: 42.
num_arena_deaths: 0.
num_vsnodes_births: 3.
num_vsnodes_deaths: 0.
num_space_committed: 157.
num_space_uncommitted: 0.
num_chunks_returned_to_freelist: 0.
num_chunks_taken_from_freelist: 106.
num_chunk_merges: 0.
num_chunk_splits: 58.
num_chunks_enlarged: 39.
num_purges: 0.
num_inconsistent_stats: 0.

CodeHeap 'non-profiled nmethods': size=120000Kb used=258Kb max_used=258Kb free=119741Kb
 bounds [0x000001eb51520000, 0x000001eb51790000, 0x000001eb58a50000]
CodeHeap 'profiled nmethods': size=120000Kb used=1101Kb max_used=1101Kb free=118898Kb
 bounds [0x000001eb49ff0000, 0x000001eb4a260000, 0x000001eb51520000]
CodeHeap 'non-nmethods': size=5760Kb used=1136Kb max_used=1149Kb free=4623Kb
 bounds [0x000001eb49a50000, 0x000001eb49cc0000, 0x000001eb49ff0000]
 total_blobs=1107 nmethods=685 adapters=335
 compilation: enabled
              stopped_count=0, restarted_count=0
 full_count=0

Compilation events (20 events):
Event: 1.391 Thread 0x000001eb5fb0e8b0 nmethod 676 0x000001eb5155f490 code [0x000001eb5155f620, 0x000001eb5155f6f8]
Event: 1.391 Thread 0x000001eb5fb0e8b0  678       3       java.lang.invoke.MemberName::getMethodOrFieldType (72 bytes)
Event: 1.391 Thread 0x000001eb5fb04e50  679       4       java.util.Arrays::copyOfRange (64 bytes)
Event: 1.392 Thread 0x000001eb5fb0e8b0 nmethod 678 0x000001eb4a0fe910 code [0x000001eb4a0fec40, 0x000001eb4a0ffb08]
Event: 1.392 Thread 0x000001eb5fb0e8b0  677       3       java.lang.invoke.LambdaForm::forceInterpretation (14 bytes)
Event: 1.393 Thread 0x000001eb5fb0e8b0 nmethod 677 0x000001eb4a100010 code [0x000001eb4a1001a0, 0x000001eb4a100318]
Event: 1.393 Thread 0x000001eb5fb0e8b0  680       3       jdk.internal.org.objectweb.asm.ByteVector::<init> (13 bytes)
Event: 1.393 Thread 0x000001eb5fb0e8b0 nmethod 680 0x000001eb4a100390 code [0x000001eb4a100540, 0x000001eb4a100798]
Event: 1.394 Thread 0x000001eb5fb04e50 nmethod 679 0x000001eb5155f790 code [0x000001eb5155f920, 0x000001eb5155fc38]
Event: 1.396 Thread 0x000001eb60786850 nmethod 675 0x000001eb5155fd90 code [0x000001eb5155ff60, 0x000001eb51560250]
Event: 1.397 Thread 0x000001eb5fb0e8b0  681       3       sun.invoke.util.VerifyAccess::isSamePackage (37 bytes)
Event: 1.399 Thread 0x000001eb5fb0e8b0 nmethod 681 0x000001eb4a100890 code [0x000001eb4a100bc0, 0x000001eb4a102178]
Event: 1.399 Thread 0x000001eb5fb0e8b0  683       3       java.lang.reflect.Modifier::isPublic (12 bytes)
Event: 1.399 Thread 0x000001eb5fb0e8b0 nmethod 683 0x000001eb4a102810 code [0x000001eb4a1029a0, 0x000001eb4a102af8]
Event: 1.399 Thread 0x000001eb5fb0e8b0  682       3       java.lang.invoke.MemberName::getName (25 bytes)
Event: 1.400 Thread 0x000001eb5fb0e8b0 nmethod 682 0x000001eb4a102b90 code [0x000001eb4a102d60, 0x000001eb4a1030e8]
Event: 1.400 Thread 0x000001eb5fb0e8b0  684       3       java.lang.StringBuilder::<init> (6 bytes)
Event: 1.400 Thread 0x000001eb5fb0e8b0 nmethod 684 0x000001eb4a103210 code [0x000001eb4a1033a0, 0x000001eb4a1034e8]
Event: 1.410 Thread 0x000001eb60786850  685       4       java.util.HashMap::afterNodeInsertion (1 bytes)
Event: 1.410 Thread 0x000001eb60786850 nmethod 685 0x000001eb51560590 code [0x000001eb51560700, 0x000001eb51560778]

GC Heap History (0 events):
No events

Deoptimization events (20 events):
Event: 1.002 Thread 0x000001eb4638fda0 Uncommon trap: trap_request=0xffffff45 fr.pc=0x000001eb515297e4 relative=0x0000000000000064
Event: 1.002 Thread 0x000001eb4638fda0 Uncommon trap: reason=unstable_if action=reinterpret pc=0x000001eb515297e4 method=java.io.WinNTFileSystem.isSlash(C)Z @ 9 c2
Event: 1.002 Thread 0x000001eb4638fda0 DEOPT PACKING pc=0x000001eb515297e4 sp=0x0000008e5d5fec40
Event: 1.002 Thread 0x000001eb4638fda0 DEOPT UNPACKING pc=0x000001eb49aa23a3 sp=0x0000008e5d5febc8 mode 2
Event: 1.025 Thread 0x000001eb4638fda0 DEOPT PACKING pc=0x000001eb4a088665 sp=0x0000008e5d5fac90
Event: 1.025 Thread 0x000001eb4638fda0 DEOPT UNPACKING pc=0x000001eb49aa2b43 sp=0x0000008e5d5fa0e0 mode 0
Event: 1.040 Thread 0x000001eb4638fda0 DEOPT PACKING pc=0x000001eb4a0886c3 sp=0x0000008e5d5fd4a0
Event: 1.040 Thread 0x000001eb4638fda0 DEOPT UNPACKING pc=0x000001eb49aa2b43 sp=0x0000008e5d5fc8f0 mode 0
Event: 1.057 Thread 0x000001eb4638fda0 DEOPT PACKING pc=0x000001eb4a088665 sp=0x0000008e5d5fd200
Event: 1.057 Thread 0x000001eb4638fda0 DEOPT UNPACKING pc=0x000001eb49aa2b43 sp=0x0000008e5d5fc650 mode 0
Event: 1.068 Thread 0x000001eb4638fda0 DEOPT PACKING pc=0x000001eb4a088665 sp=0x0000008e5d5fc650
Event: 1.068 Thread 0x000001eb4638fda0 DEOPT UNPACKING pc=0x000001eb49aa2b43 sp=0x0000008e5d5fbaa0 mode 0
Event: 1.078 Thread 0x000001eb4638fda0 DEOPT PACKING pc=0x000001eb4a088665 sp=0x0000008e5d5fe180
Event: 1.078 Thread 0x000001eb4638fda0 DEOPT UNPACKING pc=0x000001eb49aa2b43 sp=0x0000008e5d5fd5d0 mode 0
Event: 1.088 Thread 0x000001eb4638fda0 DEOPT PACKING pc=0x000001eb4a088665 sp=0x0000008e5d5fa8f0
Event: 1.088 Thread 0x000001eb4638fda0 DEOPT UNPACKING pc=0x000001eb49aa2b43 sp=0x0000008e5d5f9d40 mode 0
Event: 1.100 Thread 0x000001eb4638fda0 DEOPT PACKING pc=0x000001eb4a088665 sp=0x0000008e5d5fc420
Event: 1.100 Thread 0x000001eb4638fda0 DEOPT UNPACKING pc=0x000001eb49aa2b43 sp=0x0000008e5d5fb870 mode 0
Event: 1.231 Thread 0x000001eb4638fda0 DEOPT PACKING pc=0x000001eb4a018cbe sp=0x0000008e5d5fd510
Event: 1.231 Thread 0x000001eb4638fda0 DEOPT UNPACKING pc=0x000001eb49aa2b43 sp=0x0000008e5d5fc988 mode 0

Classes unloaded (0 events):
No events

Classes redefined (0 events):
No events

Internal exceptions (5 events):
Event: 1.056 Thread 0x000001eb4638fda0 Exception <a 'java/lang/NoClassDefFoundError'{0x0000000088ba1388}: org/slf4j/impl/StaticLoggerBinder> (0x0000000088ba1388) 
thrown [s\src\hotspot\share\classfile\systemDictionary.cpp, line 245]
Event: 1.091 Thread 0x000001eb4638fda0 Exception <a 'java/lang/NoSuchMethodError'{0x0000000088a18c48}: 'int java.lang.invoke.DirectMethodHandle$Holder.invokeStaticInit(java.lang.Object, java.lang.Object)'> (0x0000000088a18c48) 
thrown [s\src\hotspot\share\interpreter\linkResolver.cpp, line 759]
Event: 1.170 Thread 0x000001eb4638fda0 Exception <a 'java/lang/NoSuchMethodError'{0x0000000088a8bce0}: 'void java.lang.invoke.DirectMethodHandle$Holder.invokeSpecial(java.lang.Object, java.lang.Object, java.lang.Object)'> (0x0000000088a8bce0) 
thrown [s\src\hotspot\share\interpreter\linkResolver.cpp, line 759]
Event: 1.229 Thread 0x000001eb4638fda0 Exception <a 'java/lang/NoSuchMethodError'{0x0000000088ab33a0}: 'java.lang.Object java.lang.invoke.DirectMethodHandle$Holder.invokeStaticInit(java.lang.Object)'> (0x0000000088ab33a0) 
thrown [s\src\hotspot\share\interpreter\linkResolver.cpp, line 759]
Event: 1.320 Thread 0x000001eb4638fda0 Exception <a 'java/lang/NoSuchMethodError'{0x0000000088ace8a8}: 'void java.lang.invoke.DirectMethodHandle$Holder.invokeStatic(java.lang.Object, java.lang.Object)'> (0x0000000088ace8a8) 
thrown [s\src\hotspot\share\interpreter\linkResolver.cpp, line 759]

VM Operations (10 events):
Event: 0.587 Executing VM operation: HandshakeAllThreads
Event: 0.587 Executing VM operation: HandshakeAllThreads done
Event: 0.972 Executing VM operation: HandshakeAllThreads
Event: 0.972 Executing VM operation: HandshakeAllThreads done
Event: 1.002 Executing VM operation: HandshakeAllThreads
Event: 1.002 Executing VM operation: HandshakeAllThreads done
Event: 1.267 Executing VM operation: HandshakeAllThreads
Event: 1.268 Executing VM operation: HandshakeAllThreads done
Event: 1.268 Executing VM operation: Cleanup
Event: 1.269 Executing VM operation: Cleanup done

Events (20 events):
Event: 1.447 loading class com/sun/org/apache/xerces/internal/impl/XMLDocumentFragmentScannerImpl$Driver
Event: 1.447 loading class com/sun/org/apache/xerces/internal/impl/XMLDocumentFragmentScannerImpl$Driver done
Event: 1.447 loading class com/sun/org/apache/xerces/internal/impl/XMLDocumentFragmentScannerImpl$FragmentContentDriver done
Event: 1.447 loading class com/sun/org/apache/xerces/internal/impl/XMLDocumentScannerImpl$ContentDriver done
Event: 1.447 loading class com/sun/org/apache/xerces/internal/impl/XMLNSDocumentScannerImpl$NSContentDriver done
Event: 1.447 loading class com/sun/org/apache/xerces/internal/util/XMLAttributesIteratorImpl
Event: 1.447 loading class com/sun/org/apache/xerces/internal/util/XMLAttributesImpl
Event: 1.448 loading class com/sun/org/apache/xerces/internal/xni/XMLAttributes
Event: 1.498 loading class com/sun/org/apache/xerces/internal/xni/XMLAttributes done
Event: 1.498 loading class com/sun/org/apache/xerces/internal/util/XMLAttributesImpl done
Event: 1.498 loading class com/sun/org/apache/xerces/internal/util/XMLAttributesIteratorImpl done
Event: 1.500 loading class com/sun/org/apache/xerces/internal/util/XMLAttributesImpl$Attribute
Event: 1.500 loading class com/sun/org/apache/xerces/internal/util/XMLAttributesImpl$Attribute done
Event: 1.500 loading class com/sun/org/apache/xerces/internal/util/NamespaceSupport
Event: 1.500 loading class com/sun/org/apache/xerces/internal/xni/NamespaceContext
Event: 1.501 loading class com/sun/org/apache/xerces/internal/xni/NamespaceContext done
Event: 1.501 loading class com/sun/org/apache/xerces/internal/util/NamespaceSupport done
Event: 1.501 loading class com/sun/org/apache/xerces/internal/impl/XMLDocumentScannerImpl$XMLDeclDriver
Event: 1.501 loading class com/sun/org/apache/xerces/internal/impl/XMLDocumentScannerImpl$XMLDeclDriver done
Event: 1.501 loading class com/sun/org/apache/xerces/internal/impl/XMLDocumentScannerImpl$PrologDriver


Dynamic libraries:
0x00007ff7b8040000 - 0x00007ff7b804e000 	C:\Users\babu1\Downloads\sts-4.16.0.RELEASE\plugins\org.eclipse.justj.openjdk.hotspot.jre.full.win32.x86_64_17.0.4.v20220903-1038\jre\bin\javaw.exe
0x00007ffb1f250000 - 0x00007ffb1f448000 	C:\WINDOWS\SYSTEM32\ntdll.dll
0x00007ffb1d930000 - 0x00007ffb1d9ef000 	C:\WINDOWS\System32\KERNEL32.DLL
0x00007ffb1cd10000 - 0x00007ffb1cfe2000 	C:\WINDOWS\System32\KERNELBASE.dll
0x00007ffb1cc10000 - 0x00007ffb1cd10000 	C:\WINDOWS\System32\ucrtbase.dll
0x00007ffb13de0000 - 0x00007ffb13df8000 	C:\Users\babu1\Downloads\sts-4.16.0.RELEASE\plugins\org.eclipse.justj.openjdk.hotspot.jre.full.win32.x86_64_17.0.4.v20220903-1038\jre\bin\jli.dll
0x00007ffb1d2a0000 - 0x00007ffb1d43d000 	C:\WINDOWS\System32\USER32.dll
0x00007ffb1d020000 - 0x00007ffb1d042000 	C:\WINDOWS\System32\win32u.dll
0x00007ffb1de00000 - 0x00007ffb1de2b000 	C:\WINDOWS\System32\GDI32.dll
0x00007ffb1c950000 - 0x00007ffb1ca5f000 	C:\WINDOWS\System32\gdi32full.dll
0x00007ffb1d050000 - 0x00007ffb1d0ed000 	C:\WINDOWS\System32\msvcp_win.dll
0x00007ffb13dc0000 - 0x00007ffb13dd9000 	C:\Users\babu1\Downloads\sts-4.16.0.RELEASE\plugins\org.eclipse.justj.openjdk.hotspot.jre.full.win32.x86_64_17.0.4.v20220903-1038\jre\bin\VCRUNTIME140.dll
0x00007ffb0ca40000 - 0x00007ffb0ccda000 	C:\WINDOWS\WinSxS\amd64_microsoft.windows.common-controls_6595b64144ccf1df_6.0.19041.1110_none_60b5254171f9507e\COMCTL32.dll
0x00007ffb1de30000 - 0x00007ffb1dece000 	C:\WINDOWS\System32\msvcrt.dll
0x00007ffb1f1d0000 - 0x00007ffb1f202000 	C:\WINDOWS\System32\IMM32.DLL
0x00007ffb167d0000 - 0x00007ffb167dc000 	C:\Users\babu1\Downloads\sts-4.16.0.RELEASE\plugins\org.eclipse.justj.openjdk.hotspot.jre.full.win32.x86_64_17.0.4.v20220903-1038\jre\bin\vcruntime140_1.dll
0x00007ffb0e370000 - 0x00007ffb0e401000 	C:\Users\babu1\Downloads\sts-4.16.0.RELEASE\plugins\org.eclipse.justj.openjdk.hotspot.jre.full.win32.x86_64_17.0.4.v20220903-1038\jre\bin\msvcp140.dll
0x00007ffad2b10000 - 0x00007ffad3756000 	C:\Users\babu1\Downloads\sts-4.16.0.RELEASE\plugins\org.eclipse.justj.openjdk.hotspot.jre.full.win32.x86_64_17.0.4.v20220903-1038\jre\bin\server\jvm.dll
0x00007ffb1d9f0000 - 0x00007ffb1da9e000 	C:\WINDOWS\System32\ADVAPI32.dll
0x00007ffb1ef80000 - 0x00007ffb1f01c000 	C:\WINDOWS\System32\sechost.dll
0x00007ffb1eb70000 - 0x00007ffb1ec95000 	C:\WINDOWS\System32\RPCRT4.dll
0x00007ffb1d920000 - 0x00007ffb1d928000 	C:\WINDOWS\System32\PSAPI.DLL
0x00007ffb0af80000 - 0x00007ffb0af89000 	C:\WINDOWS\SYSTEM32\WSOCK32.dll
0x00007ffb1eb00000 - 0x00007ffb1eb6b000 	C:\WINDOWS\System32\WS2_32.dll
0x00007ffb0cce0000 - 0x00007ffb0cd07000 	C:\WINDOWS\SYSTEM32\WINMM.dll
0x00007ffb0b540000 - 0x00007ffb0b54a000 	C:\WINDOWS\SYSTEM32\VERSION.dll
0x00007ffb1b1a0000 - 0x00007ffb1b1b2000 	C:\WINDOWS\SYSTEM32\kernel.appcore.dll
0x00007ffb19e00000 - 0x00007ffb19e0a000 	C:\Users\babu1\Downloads\sts-4.16.0.RELEASE\plugins\org.eclipse.justj.openjdk.hotspot.jre.full.win32.x86_64_17.0.4.v20220903-1038\jre\bin\jimage.dll
0x00007ffb1aeb0000 - 0x00007ffb1b094000 	C:\WINDOWS\SYSTEM32\DBGHELP.DLL
0x00007ffb07b00000 - 0x00007ffb07b2c000 	C:\WINDOWS\SYSTEM32\dbgcore.DLL
0x00007ffb1cb10000 - 0x00007ffb1cb92000 	C:\WINDOWS\System32\bcryptPrimitives.dll
0x00007ffb17f00000 - 0x00007ffb17f25000 	C:\Users\babu1\Downloads\sts-4.16.0.RELEASE\plugins\org.eclipse.justj.openjdk.hotspot.jre.full.win32.x86_64_17.0.4.v20220903-1038\jre\bin\java.dll
0x00007ffb18de0000 - 0x00007ffb18df8000 	C:\Users\babu1\Downloads\sts-4.16.0.RELEASE\plugins\org.eclipse.justj.openjdk.hotspot.jre.full.win32.x86_64_17.0.4.v20220903-1038\jre\bin\zip.dll
0x00007ffb1ded0000 - 0x00007ffb1e613000 	C:\WINDOWS\System32\SHELL32.dll
0x00007ffb1a640000 - 0x00007ffb1add2000 	C:\WINDOWS\SYSTEM32\windows.storage.dll
0x00007ffb1daa0000 - 0x00007ffb1ddf4000 	C:\WINDOWS\System32\combase.dll
0x00007ffb1c340000 - 0x00007ffb1c370000 	C:\WINDOWS\SYSTEM32\Wldp.dll
0x00007ffb1ed50000 - 0x00007ffb1edfd000 	C:\WINDOWS\System32\SHCORE.dll
0x00007ffb1eaa0000 - 0x00007ffb1eaf5000 	C:\WINDOWS\System32\shlwapi.dll
0x00007ffb1c890000 - 0x00007ffb1c8af000 	C:\WINDOWS\SYSTEM32\profapi.dll
0x00007ffb18c60000 - 0x00007ffb18c79000 	C:\Users\babu1\Downloads\sts-4.16.0.RELEASE\plugins\org.eclipse.justj.openjdk.hotspot.jre.full.win32.x86_64_17.0.4.v20220903-1038\jre\bin\net.dll
0x00007ffb0f800000 - 0x00007ffb0f90c000 	C:\WINDOWS\SYSTEM32\WINHTTP.dll
0x00007ffb1c030000 - 0x00007ffb1c09a000 	C:\WINDOWS\system32\mswsock.dll
0x00007ffb16b60000 - 0x00007ffb16b75000 	C:\Users\babu1\Downloads\sts-4.16.0.RELEASE\plugins\org.eclipse.justj.openjdk.hotspot.jre.full.win32.x86_64_17.0.4.v20220903-1038\jre\bin\nio.dll
0x00007ffb19d80000 - 0x00007ffb19d90000 	C:\Users\babu1\Downloads\sts-4.16.0.RELEASE\plugins\org.eclipse.justj.openjdk.hotspot.jre.full.win32.x86_64_17.0.4.v20220903-1038\jre\bin\verify.dll
0x00007ffb1bd60000 - 0x00007ffb1be2a000 	C:\WINDOWS\SYSTEM32\DNSAPI.dll
0x00007ffb1bd20000 - 0x00007ffb1bd5b000 	C:\WINDOWS\SYSTEM32\IPHLPAPI.DLL
0x00007ffb1ea90000 - 0x00007ffb1ea98000 	C:\WINDOWS\System32\NSI.dll
0x00007ffb0f750000 - 0x00007ffb0f75a000 	C:\Windows\System32\rasadhlp.dll
0x00007ffb0f500000 - 0x00007ffb0f580000 	C:\WINDOWS\System32\fwpuclnt.dll
0x00007ffb1cff0000 - 0x00007ffb1d017000 	C:\WINDOWS\System32\bcrypt.dll

dbghelp: loaded successfully - version: 4.0.5 - missing functions: none
symbol engine: initialized successfully - sym options: 0x614 - pdb path: .;C:\Users\babu1\Downloads\sts-4.16.0.RELEASE\plugins\org.eclipse.justj.openjdk.hotspot.jre.full.win32.x86_64_17.0.4.v20220903-1038\jre\bin;C:\WINDOWS\SYSTEM32;C:\WINDOWS\WinSxS\amd64_microsoft.windows.common-controls_6595b64144ccf1df_6.0.19041.1110_none_60b5254171f9507e;C:\Users\babu1\Downloads\sts-4.16.0.RELEASE\plugins\org.eclipse.justj.openjdk.hotspot.jre.full.win32.x86_64_17.0.4.v20220903-1038\jre\bin\server

VM Arguments:
jvm_args: -ea -Dfile.encoding=UTF-8 -XX:+ShowCodeDetailsInExceptionMessages 
java_command: org.testng.remote.RemoteTestNG -serport 60160 -protocol json -d C:\Users\babu1\Documents\workspace-spring-tool-suite-4-4.16.0.RELEASE\Appiumfirst\test-output C:\Users\babu1\AppData\Local\Temp\testng-eclipse--1096585472\testng-customsuite.xml
java_class_path (initial): C:\Users\babu1\Downloads\sts-4.16.0.RELEASE\configuration\org.eclipse.osgi\588\0\.cp\lib\testng-remote.jar;C:\Users\babu1\Documents\workspace-spring-tool-suite-4-4.16.0.RELEASE\Appiumfirst\target\test-classes;C:\Users\babu1\Documents\workspace-spring-tool-suite-4-4.16.0.RELEASE\Appiumfirst\target\classes;C:\Users\babu1\.m2\repository\io\appium\java-client\7.6.0\java-client-7.6.0.jar;C:\Users\babu1\.m2\repository\org\seleniumhq\selenium\selenium-support\3.141.59\selenium-support-3.141.59.jar;C:\Users\babu1\.m2\repository\org\seleniumhq\selenium\selenium-api\3.141.59\selenium-api-3.141.59.jar;C:\Users\babu1\.m2\repository\com\google\code\gson\gson\2.8.8\gson-2.8.8.jar;C:\Users\babu1\.m2\repository\org\apache\httpcomponents\httpclient\4.5.13\httpclient-4.5.13.jar;C:\Users\babu1\.m2\repository\org\apache\httpcomponents\httpcore\4.4.13\httpcore-4.4.13.jar;C:\Users\babu1\.m2\repository\commons-logging\commons-logging\1.2\commons-logging-1.2.jar;C:\Users\babu1\.m2\repository\cglib\cglib\3.3.0\cglib-3.3.0.jar;C:\Users\babu1\.m2\repository\org\ow2\asm\asm\7.1\asm-7.1.jar;C:\Users\babu1\.m2\repository\commons-validator\commons-validator\1.7\commons-validator-1.7.jar;C:\Users\babu1\.m2\repository\commons-beanutils\commons-beanutils\1.9.4\commons-beanutils-1.9.4.jar;C:\Users\babu1\.m2\repository\commons-digester\commons-digester\2.1\commons-digester-2.1.jar;C:\Users\babu1\.m2\repository\commons-io\commons-io\2.11.0\commons-io-2.11.0.jar;C:\Users\babu1\.m2\repository\org\springframework\spring-context\5.3.10\spring-context-5.3.10.jar;C:\Users\babu1\.m2\repository\org\springframework\spring-aop\5.3.10\spring-aop-5.3.10.jar;C:\Users\babu1\.m2\repository\org\springframework\spring-beans\5.3.10\spring-beans-5.3.10.jar;C:\Users\babu1\.m2\repository\org\springframework\spring-core\5.3.10\spring-core-5.3.10.jar;C:\Users\babu1\.m2\repository\org\springframework\spring-jcl\5.3.10\spring-jcl-5.3.10.jar;C:\Users\babu1\.m2\repository\org\springframework\spring-e
Launcher Type: SUN_STANDARD

[Global flags]
     intx CICompilerCount                          = 3                                         {product} {ergonomic}
     uint ConcGCThreads                            = 1                                         {product} {ergonomic}
     uint G1ConcRefinementThreads                  = 4                                         {product} {ergonomic}
   size_t G1HeapRegionSize                         = 1048576                                   {product} {ergonomic}
    uintx GCDrainStackTargetSize                   = 64                                        {product} {ergonomic}
   size_t InitialHeapSize                          = 134217728                                 {product} {ergonomic}
   size_t MarkStackSize                            = 4194304                                   {product} {ergonomic}
   size_t MaxHeapSize                              = 2128609280                                {product} {ergonomic}
   size_t MaxNewSize                               = 1277165568                                {product} {ergonomic}
   size_t MinHeapDeltaBytes                        = 1048576                                   {product} {ergonomic}
   size_t MinHeapSize                              = 8388608                                   {product} {ergonomic}
    uintx NonNMethodCodeHeapSize                   = 5832780                                {pd product} {ergonomic}
    uintx NonProfiledCodeHeapSize                  = 122912730                              {pd product} {ergonomic}
    uintx ProfiledCodeHeapSize                     = 122912730                              {pd product} {ergonomic}
    uintx ReservedCodeCacheSize                    = 251658240                              {pd product} {ergonomic}
     bool SegmentedCodeCache                       = true                                      {product} {ergonomic}
     bool ShowCodeDetailsInExceptionMessages       = true                                   {manageable} {command line}
   size_t SoftMaxHeapSize                          = 2128609280                             {manageable} {ergonomic}
     bool UseCompressedClassPointers               = true                           {product lp64_product} {ergonomic}
     bool UseCompressedOops                        = true                           {product lp64_product} {ergonomic}
     bool UseG1GC                                  = true                                      {product} {ergonomic}
     bool UseLargePagesIndividualAllocation        = false                                  {pd product} {ergonomic}

Logging:
Log output configuration:
 #0: stdout all=warning uptime,level,tags
 #1: stderr all=off uptime,level,tags

Environment Variables:
PATH=C:/Users/babu1/Downloads/sts-4.16.0.RELEASE//plugins/org.eclipse.justj.openjdk.hotspot.jre.full.win32.x86_64_17.0.4.v20220903-1038/jre/bin/server;C:/Users/babu1/Downloads/sts-4.16.0.RELEASE//plugins/org.eclipse.justj.openjdk.hotspot.jre.full.win32.x86_64_17.0.4.v20220903-1038/jre/bin;C:\Program Files (x86)\VMware\VMware Player\bin\;C:\Program Files (x86)\Intel\iCLS Client\;C:\Program Files\Intel\iCLS Client\;C:\WINDOWS\system32;C:\WINDOWS;C:\WINDOWS\System32\Wbem;C:\WINDOWS\System32\WindowsPowerShell\v1.0\;C:\Program Files (x86)\Intel\Intel(R) Management Engine Components\DAL;C:\Program Files\Intel\Intel(R) Management Engine Components\DAL;C:\Program Files (x86)\Intel\Intel(R) Management Engine Components\IPT;C:\Program Files\Intel\Intel(R) Management Engine Components\IPT;C:\WINDOWS\System32\OpenSSH\;C:\Program Files\Git\cmd;D:\apache-maven-3.8.6-bin\apache-maven-3.8.6\bin;C:\Program Files\Java\jdk-11.0.16.1\bin;C:\Program Files\nodejs;C:\Users\babu1\AppData\Roaming\npm;C:\Users\babu1\AppData\Roaming\npm\node_modules\newman\bin;C:\Program Files\nodejs\;C:\Users\babu1\AppData\Local\Programs\Python\Python39\Scripts;C:\Users\babu1\AppData\Local\Programs\Python\Python39\Scripts\;C:\Users\babu1\AppData\Local\Programs\Python\Python39\;C:\Program Files (x86)\Intel\iCLS Client\;C:\Program Files\Intel\iCLS Client\;C:\WINDOWS\system32;C:\WINDOWS;C:\WINDOWS\System32\Wbem;C:\WINDOWS\System32\WindowsPowerShell\v1.0\;C:\Program Files (x86)\Intel\Intel(R) Management Engine Components\DAL;C:\Program Files\Intel\Intel(R) Management Engine Components\DAL;C:\Program Files (x86)\Intel\Intel(R) Management Engine Components\IPT;C:\Program Files\Intel\Intel(R) Management Engine Components\IPT;C:\WINDOWS\System32\OpenSSH\;C:\Users\babu1\AppData\Local\Microsoft\WindowsApps;C:\Users\babu1\AppData\Local\Programs\Microsoft VS Code\bin;C:\Python38-32\Scripts;C:\Python38-32;C:\Program Files\JetBrains\IntelliJ IDEA Community Edition 2022.2.2\bin;;C:\Program Files\nodejs;C:\Users\babu1\AppData\
USERNAME=C B LekhaSree
OS=Windows_NT
PROCESSOR_IDENTIFIER=Intel64 Family 6 Model 78 Stepping 3, GenuineIntel
TMP=C:\Users\babu1\AppData\Local\Temp
TEMP=C:\Users\babu1\AppData\Local\Temp



---------------  S Y S T E M  ---------------

OS:
 Windows 10 , 64 bit Build 19041 (10.0.19041.2251)
OS uptime: 18 days 17:44 hours

CPU: total 4 (initial active 4) (2 cores per cpu, 2 threads per core) family 6 model 78 stepping 3 microcode 0xcc, cx8, cmov, fxsr, ht, mmx, 3dnowpref, sse, sse2, sse3, ssse3, sse4.1, sse4.2, popcnt, lzcnt, tsc, tscinvbit, avx, avx2, aes, erms, clmul, bmi1, bmi2, rtm, adx, fma, vzeroupper, clflush, clflushopt

Memory: 4k page, system-wide physical 8112M (525M free)
TotalPageFile size 14256M (AvailPageFile size 3M)
current process WorkingSet (physical memory assigned to process): 55M, peak: 55M
current process commit charge ("private bytes"): 209M, peak: 209M

vm_info: OpenJDK 64-Bit Server VM (17.0.4.1+1) for windows-amd64 JRE (17.0.4.1+1), built on Aug 17 2022 07:42:43 by "temurin" with MS VC++ 16.7 (VS2019)

END.
