#
# There is insufficient memory for the Java Runtime Environment to continue.
# Native memory allocation (malloc) failed to allocate 1788176 bytes for Chunk::new
# Possible reasons:
#   The system is out of physical RAM or swap space
#   The process is running with CompressedOops enabled, and the Java Heap may be blocking the growth of the native heap
# Possible solutions:
#   Reduce memory load on the system
#   Increase physical memory or swap space
#   Check if swap backing store is full
#   Decrease Java heap size (-Xmx/-Xms)
#   Decrease number of Java threads
#   Decrease Java thread stack sizes (-Xss)
#   Set larger code cache with -XX:ReservedCodeCacheSize=
#   JVM is running with Unscaled Compressed Oops mode in which the Java heap is
#     placed in the first 4GB address space. The Java Heap base address is the
#     maximum limit for the native heap growth. Please use -XX:HeapBaseMinAddress
#     to set the Java Heap base and to place the Java Heap above 4GB virtual address.
# This output file may be truncated or incomplete.
#
#  Out of Memory Error (arena.cpp:189), pid=3516, tid=51608
#
# JRE version: OpenJDK Runtime Environment Temurin-17.0.4.1+1 (17.0.4.1+1) (build 17.0.4.1+1)
# Java VM: OpenJDK 64-Bit Server VM Temurin-17.0.4.1+1 (17.0.4.1+1, mixed mode, tiered, compressed oops, compressed class ptrs, g1 gc, windows-amd64)
# No core dump will be written. Minidumps are not enabled by default on client versions of Windows
#

---------------  S U M M A R Y ------------

Command Line: -ea -Dfile.encoding=UTF-8 -XX:+ShowCodeDetailsInExceptionMessages org.testng.remote.RemoteTestNG -serport 61546 -protocol json -d C:\Users\babu1\Documents\workspace-spring-tool-suite-4-4.16.0.RELEASE\Appiumfirst\test-output C:\Users\babu1\AppData\Local\Temp\testng-eclipse-752585919\testng-customsuite.xml

Host: Intel(R) Core(TM) i3-6100U CPU @ 2.30GHz, 4 cores, 7G,  Windows 10 , 64 bit Build 19041 (10.0.19041.2251)
Time: Thu Dec  1 13:02:41 2022 India Standard Time elapsed time: 2.051442 seconds (0d 0h 0m 2s)

---------------  T H R E A D  ---------------

Current thread (0x000001667c5cc130):  JavaThread "C2 CompilerThread0" daemon [_thread_in_native, id=51608, stack(0x0000002b5d400000,0x0000002b5d500000)]


Current CompileTask:
C2:   2051 1154       4       jdk.internal.org.objectweb.asm.Frame::execute (2305 bytes)

Stack: [0x0000002b5d400000,0x0000002b5d500000]
Native frames: (J=compiled Java code, j=interpreted, Vv=VM code, C=native code)
V  [jvm.dll+0x67731a]
V  [jvm.dll+0x832284]
V  [jvm.dll+0x833a2e]
V  [jvm.dll+0x834093]
V  [jvm.dll+0x245775]
V  [jvm.dll+0xabd7b]
V  [jvm.dll+0xac30c]
V  [jvm.dll+0x363a42]
V  [jvm.dll+0x32e011]
V  [jvm.dll+0x32d4ba]
V  [jvm.dll+0x218681]
V  [jvm.dll+0x217aa1]
V  [jvm.dll+0x1a3f8d]
V  [jvm.dll+0x227498]
V  [jvm.dll+0x2255e5]
V  [jvm.dll+0x7e7e9b]
V  [jvm.dll+0x7e240a]
V  [jvm.dll+0x6761a5]
C  [ucrtbase.dll+0x21bb2]
C  [KERNEL32.DLL+0x174b4]
C  [ntdll.dll+0x526a1]


---------------  P R O C E S S  ---------------

Threads class SMR info:
_java_thread_list=0x000001667e883d90, length=14, elements={
0x000001666fedf280, 0x000001667c5808e0, 0x000001667c5819d0, 0x000001667c5c3000,
0x000001667c5c6ce0, 0x000001667c5c75a0, 0x000001667c5cb450, 0x000001667c5cc130,
0x000001667c5ccb20, 0x000001667d01d040, 0x000001667d18c1b0, 0x000001667d1a60a0,
0x000001667d550640, 0x000001667f1237d0
}

Java Threads: ( => current thread )
  0x000001666fedf280 JavaThread "main" [_thread_in_vm, id=5508, stack(0x0000002b5c700000,0x0000002b5c800000)]
  0x000001667c5808e0 JavaThread "Reference Handler" daemon [_thread_blocked, id=3532, stack(0x0000002b5ce00000,0x0000002b5cf00000)]
  0x000001667c5819d0 JavaThread "Finalizer" daemon [_thread_blocked, id=48304, stack(0x0000002b5cf00000,0x0000002b5d000000)]
  0x000001667c5c3000 JavaThread "Signal Dispatcher" daemon [_thread_blocked, id=46936, stack(0x0000002b5d000000,0x0000002b5d100000)]
  0x000001667c5c6ce0 JavaThread "Attach Listener" daemon [_thread_blocked, id=51240, stack(0x0000002b5d100000,0x0000002b5d200000)]
  0x000001667c5c75a0 JavaThread "Service Thread" daemon [_thread_blocked, id=31196, stack(0x0000002b5d200000,0x0000002b5d300000)]
  0x000001667c5cb450 JavaThread "Monitor Deflation Thread" daemon [_thread_blocked, id=52488, stack(0x0000002b5d300000,0x0000002b5d400000)]
=>0x000001667c5cc130 JavaThread "C2 CompilerThread0" daemon [_thread_in_native, id=51608, stack(0x0000002b5d400000,0x0000002b5d500000)]
  0x000001667c5ccb20 JavaThread "C1 CompilerThread0" daemon [_thread_blocked, id=48444, stack(0x0000002b5d500000,0x0000002b5d600000)]
  0x000001667d01d040 JavaThread "Sweeper thread" daemon [_thread_blocked, id=53616, stack(0x0000002b5d600000,0x0000002b5d700000)]
  0x000001667d18c1b0 JavaThread "Notification Thread" daemon [_thread_blocked, id=54348, stack(0x0000002b5d700000,0x0000002b5d800000)]
  0x000001667d1a60a0 JavaThread "Common-Cleaner" daemon [_thread_blocked, id=48072, stack(0x0000002b5d900000,0x0000002b5da00000)]
  0x000001667d550640 JavaThread "ReaderThread" [_thread_in_native, id=35968, stack(0x0000002b5db00000,0x0000002b5dc00000)]
  0x000001667f1237d0 JavaThread "C2 CompilerThread1" daemon [_thread_in_native, id=26908, stack(0x0000002b5df00000,0x0000002b5e000000)]

Other Threads:
  0x000001667c59bd30 VMThread "VM Thread" [stack: 0x0000002b5cd00000,0x0000002b5ce00000] [id=48568]
  0x000001666ff59df0 WatcherThread [stack: 0x0000002b5d800000,0x0000002b5d900000] [id=39048]
  0x000001666ff3acd0 GCTaskThread "GC Thread#0" [stack: 0x0000002b5c800000,0x0000002b5c900000] [id=12504]
  0x000001667d898450 GCTaskThread "GC Thread#1" [stack: 0x0000002b5dc00000,0x0000002b5dd00000] [id=27568]
  0x000001667d898700 GCTaskThread "GC Thread#2" [stack: 0x0000002b5dd00000,0x0000002b5de00000] [id=27928]
  0x000001667d8989b0 GCTaskThread "GC Thread#3" [stack: 0x0000002b5de00000,0x0000002b5df00000] [id=42912]
  0x000001666ff4c170 ConcurrentGCThread "G1 Main Marker" [stack: 0x0000002b5c900000,0x0000002b5ca00000] [id=50648]
  0x000001666ff4db90 ConcurrentGCThread "G1 Conc#0" [stack: 0x0000002b5ca00000,0x0000002b5cb00000] [id=29576]
  0x000001667c3f00a0 ConcurrentGCThread "G1 Refine#0" [stack: 0x0000002b5cb00000,0x0000002b5cc00000] [id=1864]
  0x000001667c3f0ac0 ConcurrentGCThread "G1 Service" [stack: 0x0000002b5cc00000,0x0000002b5cd00000] [id=1792]

Threads with active compile tasks:
C2 CompilerThread0     2220 1154       4       jdk.internal.org.objectweb.asm.Frame::execute (2305 bytes)
C2 CompilerThread1     2220 1488       4       java.lang.StringLatin1::toUpperCase (186 bytes)

VM state: not at safepoint (normal execution)

VM Mutex/Monitor currently owned by a thread: None

Heap address: 0x0000000081200000, size: 2030 MB, Compressed Oops mode: 32-bit

CDS archive(s) not mapped
Compressed class space mapped at: 0x0000000100000000-0x0000000140000000, reserved size: 1073741824
Narrow klass base: 0x0000000000000000, Narrow klass shift: 3, Narrow klass range: 0x140000000

GC Precious Log:
 CPUs: 4 total, 4 available
 Memory: 8112M
 Large Page Support: Disabled
 NUMA Support: Disabled
 Compressed Oops: Enabled (32-bit)
 Heap Region Size: 1M
 Heap Min Capacity: 8M
 Heap Initial Capacity: 128M
 Heap Max Capacity: 2030M
 Pre-touch: Disabled
 Parallel Workers: 4
 Concurrent Workers: 1
 Concurrent Refinement Workers: 4
 Periodic GC: Disabled

Heap:
 garbage-first heap   total 131072K, used 9540K [0x0000000081200000, 0x0000000100000000)
  region size 1024K, 6 young (6144K), 2 survivors (2048K)
 Metaspace       used 17896K, committed 18176K, reserved 1064960K
  class space    used 1845K, committed 1984K, reserved 1048576K

Heap Regions: E=young(eden), S=young(survivor), O=old, HS=humongous(starts), HC=humongous(continues), CS=collection set, F=free, OA=open archive, CA=closed archive, TAMS=top-at-mark-start (previous, next)
|   0|0x0000000081200000, 0x0000000081300000, 0x0000000081300000|100%| O|  |TAMS 0x0000000081200000, 0x0000000081200000| Untracked 
|   1|0x0000000081300000, 0x0000000081400000, 0x0000000081400000|100%| O|  |TAMS 0x0000000081300000, 0x0000000081300000| Untracked 
|   2|0x0000000081400000, 0x0000000081500000, 0x0000000081500000|100%| O|  |TAMS 0x0000000081400000, 0x0000000081400000| Untracked 
|   3|0x0000000081500000, 0x0000000081600000, 0x0000000081600000|100%| O|  |TAMS 0x0000000081500000, 0x0000000081500000| Untracked 
|   4|0x0000000081600000, 0x0000000081698a00, 0x0000000081700000| 59%| O|  |TAMS 0x0000000081600000, 0x0000000081600000| Untracked 
|   5|0x0000000081700000, 0x0000000081700000, 0x0000000081800000|  0%| F|  |TAMS 0x0000000081700000, 0x0000000081700000| Untracked 
|   6|0x0000000081800000, 0x0000000081800000, 0x0000000081900000|  0%| F|  |TAMS 0x0000000081800000, 0x0000000081800000| Untracked 
|   7|0x0000000081900000, 0x0000000081900000, 0x0000000081a00000|  0%| F|  |TAMS 0x0000000081900000, 0x0000000081900000| Untracked 
|   8|0x0000000081a00000, 0x0000000081a00000, 0x0000000081b00000|  0%| F|  |TAMS 0x0000000081a00000, 0x0000000081a00000| Untracked 
|   9|0x0000000081b00000, 0x0000000081b00000, 0x0000000081c00000|  0%| F|  |TAMS 0x0000000081b00000, 0x0000000081b00000| Untracked 
|  10|0x0000000081c00000, 0x0000000081c00000, 0x0000000081d00000|  0%| F|  |TAMS 0x0000000081c00000, 0x0000000081c00000| Untracked 
|  11|0x0000000081d00000, 0x0000000081d00000, 0x0000000081e00000|  0%| F|  |TAMS 0x0000000081d00000, 0x0000000081d00000| Untracked 
|  12|0x0000000081e00000, 0x0000000081e00000, 0x0000000081f00000|  0%| F|  |TAMS 0x0000000081e00000, 0x0000000081e00000| Untracked 
|  13|0x0000000081f00000, 0x0000000081f00000, 0x0000000082000000|  0%| F|  |TAMS 0x0000000081f00000, 0x0000000081f00000| Untracked 
|  14|0x0000000082000000, 0x0000000082000000, 0x0000000082100000|  0%| F|  |TAMS 0x0000000082000000, 0x0000000082000000| Untracked 
|  15|0x0000000082100000, 0x0000000082100000, 0x0000000082200000|  0%| F|  |TAMS 0x0000000082100000, 0x0000000082100000| Untracked 
|  16|0x0000000082200000, 0x0000000082200000, 0x0000000082300000|  0%| F|  |TAMS 0x0000000082200000, 0x0000000082200000| Untracked 
|  17|0x0000000082300000, 0x0000000082300000, 0x0000000082400000|  0%| F|  |TAMS 0x0000000082300000, 0x0000000082300000| Untracked 
|  18|0x0000000082400000, 0x0000000082400000, 0x0000000082500000|  0%| F|  |TAMS 0x0000000082400000, 0x0000000082400000| Untracked 
|  19|0x0000000082500000, 0x0000000082500000, 0x0000000082600000|  0%| F|  |TAMS 0x0000000082500000, 0x0000000082500000| Untracked 
|  20|0x0000000082600000, 0x0000000082600000, 0x0000000082700000|  0%| F|  |TAMS 0x0000000082600000, 0x0000000082600000| Untracked 
|  21|0x0000000082700000, 0x0000000082700000, 0x0000000082800000|  0%| F|  |TAMS 0x0000000082700000, 0x0000000082700000| Untracked 
|  22|0x0000000082800000, 0x0000000082800000, 0x0000000082900000|  0%| F|  |TAMS 0x0000000082800000, 0x0000000082800000| Untracked 
|  23|0x0000000082900000, 0x0000000082900000, 0x0000000082a00000|  0%| F|  |TAMS 0x0000000082900000, 0x0000000082900000| Untracked 
|  24|0x0000000082a00000, 0x0000000082a00000, 0x0000000082b00000|  0%| F|  |TAMS 0x0000000082a00000, 0x0000000082a00000| Untracked 
|  25|0x0000000082b00000, 0x0000000082b00000, 0x0000000082c00000|  0%| F|  |TAMS 0x0000000082b00000, 0x0000000082b00000| Untracked 
|  26|0x0000000082c00000, 0x0000000082c00000, 0x0000000082d00000|  0%| F|  |TAMS 0x0000000082c00000, 0x0000000082c00000| Untracked 
|  27|0x0000000082d00000, 0x0000000082d00000, 0x0000000082e00000|  0%| F|  |TAMS 0x0000000082d00000, 0x0000000082d00000| Untracked 
|  28|0x0000000082e00000, 0x0000000082e00000, 0x0000000082f00000|  0%| F|  |TAMS 0x0000000082e00000, 0x0000000082e00000| Untracked 
|  29|0x0000000082f00000, 0x0000000082f00000, 0x0000000083000000|  0%| F|  |TAMS 0x0000000082f00000, 0x0000000082f00000| Untracked 
|  30|0x0000000083000000, 0x0000000083000000, 0x0000000083100000|  0%| F|  |TAMS 0x0000000083000000, 0x0000000083000000| Untracked 
|  31|0x0000000083100000, 0x0000000083100000, 0x0000000083200000|  0%| F|  |TAMS 0x0000000083100000, 0x0000000083100000| Untracked 
|  32|0x0000000083200000, 0x0000000083200000, 0x0000000083300000|  0%| F|  |TAMS 0x0000000083200000, 0x0000000083200000| Untracked 
|  33|0x0000000083300000, 0x0000000083300000, 0x0000000083400000|  0%| F|  |TAMS 0x0000000083300000, 0x0000000083300000| Untracked 
|  34|0x0000000083400000, 0x0000000083400000, 0x0000000083500000|  0%| F|  |TAMS 0x0000000083400000, 0x0000000083400000| Untracked 
|  35|0x0000000083500000, 0x0000000083500000, 0x0000000083600000|  0%| F|  |TAMS 0x0000000083500000, 0x0000000083500000| Untracked 
|  36|0x0000000083600000, 0x0000000083600000, 0x0000000083700000|  0%| F|  |TAMS 0x0000000083600000, 0x0000000083600000| Untracked 
|  37|0x0000000083700000, 0x0000000083700000, 0x0000000083800000|  0%| F|  |TAMS 0x0000000083700000, 0x0000000083700000| Untracked 
|  38|0x0000000083800000, 0x0000000083800000, 0x0000000083900000|  0%| F|  |TAMS 0x0000000083800000, 0x0000000083800000| Untracked 
|  39|0x0000000083900000, 0x0000000083900000, 0x0000000083a00000|  0%| F|  |TAMS 0x0000000083900000, 0x0000000083900000| Untracked 
|  40|0x0000000083a00000, 0x0000000083a00000, 0x0000000083b00000|  0%| F|  |TAMS 0x0000000083a00000, 0x0000000083a00000| Untracked 
|  41|0x0000000083b00000, 0x0000000083b00000, 0x0000000083c00000|  0%| F|  |TAMS 0x0000000083b00000, 0x0000000083b00000| Untracked 
|  42|0x0000000083c00000, 0x0000000083c00000, 0x0000000083d00000|  0%| F|  |TAMS 0x0000000083c00000, 0x0000000083c00000| Untracked 
|  43|0x0000000083d00000, 0x0000000083d00000, 0x0000000083e00000|  0%| F|  |TAMS 0x0000000083d00000, 0x0000000083d00000| Untracked 
|  44|0x0000000083e00000, 0x0000000083e00000, 0x0000000083f00000|  0%| F|  |TAMS 0x0000000083e00000, 0x0000000083e00000| Untracked 
|  45|0x0000000083f00000, 0x0000000083f00000, 0x0000000084000000|  0%| F|  |TAMS 0x0000000083f00000, 0x0000000083f00000| Untracked 
|  46|0x0000000084000000, 0x0000000084000000, 0x0000000084100000|  0%| F|  |TAMS 0x0000000084000000, 0x0000000084000000| Untracked 
|  47|0x0000000084100000, 0x0000000084100000, 0x0000000084200000|  0%| F|  |TAMS 0x0000000084100000, 0x0000000084100000| Untracked 
|  48|0x0000000084200000, 0x0000000084200000, 0x0000000084300000|  0%| F|  |TAMS 0x0000000084200000, 0x0000000084200000| Untracked 
|  49|0x0000000084300000, 0x0000000084300000, 0x0000000084400000|  0%| F|  |TAMS 0x0000000084300000, 0x0000000084300000| Untracked 
|  50|0x0000000084400000, 0x0000000084400000, 0x0000000084500000|  0%| F|  |TAMS 0x0000000084400000, 0x0000000084400000| Untracked 
|  51|0x0000000084500000, 0x0000000084500000, 0x0000000084600000|  0%| F|  |TAMS 0x0000000084500000, 0x0000000084500000| Untracked 
|  52|0x0000000084600000, 0x0000000084600000, 0x0000000084700000|  0%| F|  |TAMS 0x0000000084600000, 0x0000000084600000| Untracked 
|  53|0x0000000084700000, 0x0000000084700000, 0x0000000084800000|  0%| F|  |TAMS 0x0000000084700000, 0x0000000084700000| Untracked 
|  54|0x0000000084800000, 0x0000000084800000, 0x0000000084900000|  0%| F|  |TAMS 0x0000000084800000, 0x0000000084800000| Untracked 
|  55|0x0000000084900000, 0x0000000084900000, 0x0000000084a00000|  0%| F|  |TAMS 0x0000000084900000, 0x0000000084900000| Untracked 
|  56|0x0000000084a00000, 0x0000000084a00000, 0x0000000084b00000|  0%| F|  |TAMS 0x0000000084a00000, 0x0000000084a00000| Untracked 
|  57|0x0000000084b00000, 0x0000000084b00000, 0x0000000084c00000|  0%| F|  |TAMS 0x0000000084b00000, 0x0000000084b00000| Untracked 
|  58|0x0000000084c00000, 0x0000000084c00000, 0x0000000084d00000|  0%| F|  |TAMS 0x0000000084c00000, 0x0000000084c00000| Untracked 
|  59|0x0000000084d00000, 0x0000000084d00000, 0x0000000084e00000|  0%| F|  |TAMS 0x0000000084d00000, 0x0000000084d00000| Untracked 
|  60|0x0000000084e00000, 0x0000000084e00000, 0x0000000084f00000|  0%| F|  |TAMS 0x0000000084e00000, 0x0000000084e00000| Untracked 
|  61|0x0000000084f00000, 0x0000000084f00000, 0x0000000085000000|  0%| F|  |TAMS 0x0000000084f00000, 0x0000000084f00000| Untracked 
|  62|0x0000000085000000, 0x0000000085000000, 0x0000000085100000|  0%| F|  |TAMS 0x0000000085000000, 0x0000000085000000| Untracked 
|  63|0x0000000085100000, 0x0000000085100000, 0x0000000085200000|  0%| F|  |TAMS 0x0000000085100000, 0x0000000085100000| Untracked 
|  64|0x0000000085200000, 0x0000000085200000, 0x0000000085300000|  0%| F|  |TAMS 0x0000000085200000, 0x0000000085200000| Untracked 
|  65|0x0000000085300000, 0x0000000085300000, 0x0000000085400000|  0%| F|  |TAMS 0x0000000085300000, 0x0000000085300000| Untracked 
|  66|0x0000000085400000, 0x0000000085400000, 0x0000000085500000|  0%| F|  |TAMS 0x0000000085400000, 0x0000000085400000| Untracked 
|  67|0x0000000085500000, 0x0000000085500000, 0x0000000085600000|  0%| F|  |TAMS 0x0000000085500000, 0x0000000085500000| Untracked 
|  68|0x0000000085600000, 0x0000000085600000, 0x0000000085700000|  0%| F|  |TAMS 0x0000000085600000, 0x0000000085600000| Untracked 
|  69|0x0000000085700000, 0x0000000085700000, 0x0000000085800000|  0%| F|  |TAMS 0x0000000085700000, 0x0000000085700000| Untracked 
|  70|0x0000000085800000, 0x0000000085800000, 0x0000000085900000|  0%| F|  |TAMS 0x0000000085800000, 0x0000000085800000| Untracked 
|  71|0x0000000085900000, 0x0000000085900000, 0x0000000085a00000|  0%| F|  |TAMS 0x0000000085900000, 0x0000000085900000| Untracked 
|  72|0x0000000085a00000, 0x0000000085a00000, 0x0000000085b00000|  0%| F|  |TAMS 0x0000000085a00000, 0x0000000085a00000| Untracked 
|  73|0x0000000085b00000, 0x0000000085b00000, 0x0000000085c00000|  0%| F|  |TAMS 0x0000000085b00000, 0x0000000085b00000| Untracked 
|  74|0x0000000085c00000, 0x0000000085c00000, 0x0000000085d00000|  0%| F|  |TAMS 0x0000000085c00000, 0x0000000085c00000| Untracked 
|  75|0x0000000085d00000, 0x0000000085d00000, 0x0000000085e00000|  0%| F|  |TAMS 0x0000000085d00000, 0x0000000085d00000| Untracked 
|  76|0x0000000085e00000, 0x0000000085e00000, 0x0000000085f00000|  0%| F|  |TAMS 0x0000000085e00000, 0x0000000085e00000| Untracked 
|  77|0x0000000085f00000, 0x0000000085f00000, 0x0000000086000000|  0%| F|  |TAMS 0x0000000085f00000, 0x0000000085f00000| Untracked 
|  78|0x0000000086000000, 0x0000000086000000, 0x0000000086100000|  0%| F|  |TAMS 0x0000000086000000, 0x0000000086000000| Untracked 
|  79|0x0000000086100000, 0x0000000086100000, 0x0000000086200000|  0%| F|  |TAMS 0x0000000086100000, 0x0000000086100000| Untracked 
|  80|0x0000000086200000, 0x0000000086200000, 0x0000000086300000|  0%| F|  |TAMS 0x0000000086200000, 0x0000000086200000| Untracked 
|  81|0x0000000086300000, 0x0000000086300000, 0x0000000086400000|  0%| F|  |TAMS 0x0000000086300000, 0x0000000086300000| Untracked 
|  82|0x0000000086400000, 0x0000000086400000, 0x0000000086500000|  0%| F|  |TAMS 0x0000000086400000, 0x0000000086400000| Untracked 
|  83|0x0000000086500000, 0x0000000086500000, 0x0000000086600000|  0%| F|  |TAMS 0x0000000086500000, 0x0000000086500000| Untracked 
|  84|0x0000000086600000, 0x0000000086600000, 0x0000000086700000|  0%| F|  |TAMS 0x0000000086600000, 0x0000000086600000| Untracked 
|  85|0x0000000086700000, 0x0000000086700000, 0x0000000086800000|  0%| F|  |TAMS 0x0000000086700000, 0x0000000086700000| Untracked 
|  86|0x0000000086800000, 0x0000000086800000, 0x0000000086900000|  0%| F|  |TAMS 0x0000000086800000, 0x0000000086800000| Untracked 
|  87|0x0000000086900000, 0x0000000086900000, 0x0000000086a00000|  0%| F|  |TAMS 0x0000000086900000, 0x0000000086900000| Untracked 
|  88|0x0000000086a00000, 0x0000000086a00000, 0x0000000086b00000|  0%| F|  |TAMS 0x0000000086a00000, 0x0000000086a00000| Untracked 
|  89|0x0000000086b00000, 0x0000000086b00000, 0x0000000086c00000|  0%| F|  |TAMS 0x0000000086b00000, 0x0000000086b00000| Untracked 
|  90|0x0000000086c00000, 0x0000000086c00000, 0x0000000086d00000|  0%| F|  |TAMS 0x0000000086c00000, 0x0000000086c00000| Untracked 
|  91|0x0000000086d00000, 0x0000000086d00000, 0x0000000086e00000|  0%| F|  |TAMS 0x0000000086d00000, 0x0000000086d00000| Untracked 
|  92|0x0000000086e00000, 0x0000000086e00000, 0x0000000086f00000|  0%| F|  |TAMS 0x0000000086e00000, 0x0000000086e00000| Untracked 
|  93|0x0000000086f00000, 0x0000000086f00000, 0x0000000087000000|  0%| F|  |TAMS 0x0000000086f00000, 0x0000000086f00000| Untracked 
|  94|0x0000000087000000, 0x0000000087000000, 0x0000000087100000|  0%| F|  |TAMS 0x0000000087000000, 0x0000000087000000| Untracked 
|  95|0x0000000087100000, 0x0000000087100000, 0x0000000087200000|  0%| F|  |TAMS 0x0000000087100000, 0x0000000087100000| Untracked 
|  96|0x0000000087200000, 0x0000000087200000, 0x0000000087300000|  0%| F|  |TAMS 0x0000000087200000, 0x0000000087200000| Untracked 
|  97|0x0000000087300000, 0x0000000087300000, 0x0000000087400000|  0%| F|  |TAMS 0x0000000087300000, 0x0000000087300000| Untracked 
|  98|0x0000000087400000, 0x0000000087400000, 0x0000000087500000|  0%| F|  |TAMS 0x0000000087400000, 0x0000000087400000| Untracked 
|  99|0x0000000087500000, 0x0000000087500000, 0x0000000087600000|  0%| F|  |TAMS 0x0000000087500000, 0x0000000087500000| Untracked 
| 100|0x0000000087600000, 0x0000000087600000, 0x0000000087700000|  0%| F|  |TAMS 0x0000000087600000, 0x0000000087600000| Untracked 
| 101|0x0000000087700000, 0x0000000087700000, 0x0000000087800000|  0%| F|  |TAMS 0x0000000087700000, 0x0000000087700000| Untracked 
| 102|0x0000000087800000, 0x0000000087800000, 0x0000000087900000|  0%| F|  |TAMS 0x0000000087800000, 0x0000000087800000| Untracked 
| 103|0x0000000087900000, 0x0000000087900000, 0x0000000087a00000|  0%| F|  |TAMS 0x0000000087900000, 0x0000000087900000| Untracked 
| 104|0x0000000087a00000, 0x0000000087a00000, 0x0000000087b00000|  0%| F|  |TAMS 0x0000000087a00000, 0x0000000087a00000| Untracked 
| 105|0x0000000087b00000, 0x0000000087b00000, 0x0000000087c00000|  0%| F|  |TAMS 0x0000000087b00000, 0x0000000087b00000| Untracked 
| 106|0x0000000087c00000, 0x0000000087c00000, 0x0000000087d00000|  0%| F|  |TAMS 0x0000000087c00000, 0x0000000087c00000| Untracked 
| 107|0x0000000087d00000, 0x0000000087d00000, 0x0000000087e00000|  0%| F|  |TAMS 0x0000000087d00000, 0x0000000087d00000| Untracked 
| 108|0x0000000087e00000, 0x0000000087e00000, 0x0000000087f00000|  0%| F|  |TAMS 0x0000000087e00000, 0x0000000087e00000| Untracked 
| 109|0x0000000087f00000, 0x0000000087f00000, 0x0000000088000000|  0%| F|  |TAMS 0x0000000087f00000, 0x0000000087f00000| Untracked 
| 110|0x0000000088000000, 0x00000000880b8848, 0x0000000088100000| 72%| S|CS|TAMS 0x0000000088000000, 0x0000000088000000| Complete 
| 111|0x0000000088100000, 0x0000000088200000, 0x0000000088200000|100%| S|CS|TAMS 0x0000000088100000, 0x0000000088100000| Complete 
| 112|0x0000000088200000, 0x0000000088200000, 0x0000000088300000|  0%| F|  |TAMS 0x0000000088200000, 0x0000000088200000| Untracked 
| 113|0x0000000088300000, 0x0000000088300000, 0x0000000088400000|  0%| F|  |TAMS 0x0000000088300000, 0x0000000088300000| Untracked 
| 114|0x0000000088400000, 0x0000000088400000, 0x0000000088500000|  0%| F|  |TAMS 0x0000000088400000, 0x0000000088400000| Untracked 
| 115|0x0000000088500000, 0x0000000088500000, 0x0000000088600000|  0%| F|  |TAMS 0x0000000088500000, 0x0000000088500000| Untracked 
| 116|0x0000000088600000, 0x0000000088600000, 0x0000000088700000|  0%| F|  |TAMS 0x0000000088600000, 0x0000000088600000| Untracked 
| 117|0x0000000088700000, 0x0000000088700000, 0x0000000088800000|  0%| F|  |TAMS 0x0000000088700000, 0x0000000088700000| Untracked 
| 118|0x0000000088800000, 0x0000000088800000, 0x0000000088900000|  0%| F|  |TAMS 0x0000000088800000, 0x0000000088800000| Untracked 
| 119|0x0000000088900000, 0x0000000088900000, 0x0000000088a00000|  0%| F|  |TAMS 0x0000000088900000, 0x0000000088900000| Untracked 
| 120|0x0000000088a00000, 0x0000000088a00000, 0x0000000088b00000|  0%| F|  |TAMS 0x0000000088a00000, 0x0000000088a00000| Untracked 
| 121|0x0000000088b00000, 0x0000000088b00000, 0x0000000088c00000|  0%| F|  |TAMS 0x0000000088b00000, 0x0000000088b00000| Untracked 
| 122|0x0000000088c00000, 0x0000000088c00000, 0x0000000088d00000|  0%| F|  |TAMS 0x0000000088c00000, 0x0000000088c00000| Untracked 
| 123|0x0000000088d00000, 0x0000000088d00000, 0x0000000088e00000|  0%| F|  |TAMS 0x0000000088d00000, 0x0000000088d00000| Untracked 
| 124|0x0000000088e00000, 0x0000000088f00000, 0x0000000088f00000|100%| E|  |TAMS 0x0000000088e00000, 0x0000000088e00000| Complete 
| 125|0x0000000088f00000, 0x0000000089000000, 0x0000000089000000|100%| E|CS|TAMS 0x0000000088f00000, 0x0000000088f00000| Complete 
| 126|0x0000000089000000, 0x0000000089100000, 0x0000000089100000|100%| E|CS|TAMS 0x0000000089000000, 0x0000000089000000| Complete 
| 127|0x0000000089100000, 0x0000000089200000, 0x0000000089200000|100%| E|CS|TAMS 0x0000000089100000, 0x0000000089100000| Complete 

Card table byte_map: [0x00000166757c0000,0x0000016675bc0000] _byte_map_base: 0x00000166753b7000

Marking Bits (Prev, Next): (CMBitMap*) 0x000001666ff3b2e0, (CMBitMap*) 0x000001666ff3b320
 Prev Bits: [0x0000016675fc0000, 0x0000016677f78000)
 Next Bits: [0x0000016677f80000, 0x0000016679f38000)

Polling page: 0x000001666ffb0000

Metaspace:

Usage:
  Non-class:     15.69 MB used.
      Class:      1.81 MB used.
       Both:     17.50 MB used.

Virtual space:
  Non-class space:       16.00 MB reserved,      15.81 MB ( 99%) committed,  2 nodes.
      Class space:        1.00 GB reserved,       2.00 MB ( <1%) committed,  1 nodes.
             Both:        1.02 GB reserved,      17.81 MB (  2%) committed. 

Chunk freelists:
   Non-Class:  224.00 KB
       Class:  1.98 MB
        Both:  2.20 MB

MaxMetaspaceSize: unlimited
CompressedClassSpaceSize: 1.00 GB
Initial GC threshold: 21.00 MB
Current GC threshold: 21.00 MB
CDS: off
MetaspaceReclaimPolicy: balanced
 - commit_granule_bytes: 65536.
 - commit_granule_words: 8192.
 - virtual_space_node_default_size: 1048576.
 - enlarge_chunks_in_place: 1.
 - new_chunks_are_fully_committed: 0.
 - uncommit_free_chunks: 1.
 - use_allocation_guard: 0.
 - handle_deallocations: 1.


Internal statistics:

num_allocs_failed_limit: 0.
num_arena_births: 244.
num_arena_deaths: 0.
num_vsnodes_births: 3.
num_vsnodes_deaths: 0.
num_space_committed: 285.
num_space_uncommitted: 0.
num_chunks_returned_to_freelist: 0.
num_chunks_taken_from_freelist: 513.
num_chunk_merges: 0.
num_chunk_splits: 313.
num_chunks_enlarged: 195.
num_purges: 0.
num_inconsistent_stats: 0.

CodeHeap 'non-profiled nmethods': size=120000Kb used=483Kb max_used=483Kb free=119516Kb
 bounds [0x0000016607ad0000, 0x0000016607d40000, 0x000001660f000000]
CodeHeap 'profiled nmethods': size=120000Kb used=2706Kb max_used=2706Kb free=117293Kb
 bounds [0x00000166005a0000, 0x0000016600850000, 0x0000016607ad0000]
CodeHeap 'non-nmethods': size=5760Kb used=1184Kb max_used=1204Kb free=4575Kb
 bounds [0x0000016600000000, 0x0000016600270000, 0x00000166005a0000]
 total_blobs=1983 nmethods=1499 adapters=397
 compilation: enabled
              stopped_count=0, restarted_count=0
 full_count=0

Compilation events (20 events):
Event: 2.013 Thread 0x000001667c5ccb20 1282       1       java.security.Provider$Service::getAliases (5 bytes)
Event: 2.013 Thread 0x000001667c5ccb20 nmethod 1282 0x0000016607b37f10 code [0x0000016607b380a0, 0x0000016607b38178]
Event: 2.023 Thread 0x000001667c5ccb20 1285       3       java.nio.Buffer::limit (65 bytes)
Event: 2.023 Thread 0x000001667c5ccb20 nmethod 1285 0x00000166007e0c10 code [0x00000166007e0dc0, 0x00000166007e1088]
Event: 2.024 Thread 0x000001667c5ccb20 1286       3       java.nio.ByteOrder::nativeOrder (4 bytes)
Event: 2.024 Thread 0x000001667c5ccb20 nmethod 1286 0x00000166007e1190 code [0x00000166007e1320, 0x00000166007e1418]
Event: 2.024 Thread 0x000001667c5ccb20 1287   !   3       java.util.zip.Inflater::finished (19 bytes)
Event: 2.025 Thread 0x000001667c5ccb20 nmethod 1287 0x00000166007e1490 code [0x00000166007e1620, 0x00000166007e1818]
Event: 2.028 Thread 0x000001667c5ccb20 1288       3       java.lang.Character::digit (6 bytes)
Event: 2.028 Thread 0x000001667c5ccb20 nmethod 1288 0x00000166007e1910 code [0x00000166007e1ac0, 0x00000166007e1cf8]
Event: 2.028 Thread 0x000001667c5ccb20 1289       3       java.lang.Character::digit (10 bytes)
Event: 2.028 Thread 0x000001667c5ccb20 nmethod 1289 0x00000166007e1e10 code [0x00000166007e1fc0, 0x00000166007e21b8]
Event: 2.030 Thread 0x000001667c5ccb20 1290       3       java.lang.CharacterDataLatin1::digit (32 bytes)
Event: 2.030 Thread 0x000001667c5ccb20 nmethod 1290 0x00000166007e2290 code [0x00000166007e2440, 0x00000166007e2698]
Event: 2.031 Thread 0x000001667c5ccb20 1291       3       java.lang.Integer::parseInt (264 bytes)
Event: 2.034 Thread 0x000001667c5ccb20 nmethod 1291 0x00000166007e2790 code [0x00000166007e2c20, 0x00000166007e4ad8]
Event: 2.034 Thread 0x000001667c5ccb20 1292       3       java.math.BigInteger::destructiveMulAdd (150 bytes)
Event: 2.034 Thread 0x000001667c5ccb20 nmethod 1292 0x00000166007e5710 code [0x00000166007e58c0, 0x00000166007e5c18]
Event: 2.034 Thread 0x000001667c5ccb20 1293       1       sun.security.util.KnownOIDs::value (5 bytes)
Event: 2.034 Thread 0x000001667c5ccb20 nmethod 1293 0x0000016607b38210 code [0x0000016607b383a0, 0x0000016607b38478]

GC Heap History (2 events):
Event: 1.364 GC heap before
{Heap before GC invocations=0 (full 0):
 garbage-first heap   total 131072K, used 12288K [0x0000000081200000, 0x0000000100000000)
  region size 1024K, 13 young (13312K), 0 survivors (0K)
 Metaspace       used 12744K, committed 12928K, reserved 1064960K
  class space    used 1224K, committed 1280K, reserved 1048576K
}
Event: 1.376 GC heap after
{Heap after GC invocations=1 (full 0):
 garbage-first heap   total 131072K, used 4691K [0x0000000081200000, 0x0000000100000000)
  region size 1024K, 2 young (2048K), 2 survivors (2048K)
 Metaspace       used 12744K, committed 12928K, reserved 1064960K
  class space    used 1224K, committed 1280K, reserved 1048576K
}

Deoptimization events (20 events):
Event: 0.744 Thread 0x000001666fedf280 DEOPT PACKING pc=0x000001660063f365 sp=0x0000002b5c7fac60
Event: 0.744 Thread 0x000001666fedf280 DEOPT UNPACKING pc=0x0000016600052b43 sp=0x0000002b5c7fa0b0 mode 0
Event: 0.756 Thread 0x000001666fedf280 DEOPT PACKING pc=0x000001660063f365 sp=0x0000002b5c7fd450
Event: 0.756 Thread 0x000001666fedf280 DEOPT UNPACKING pc=0x0000016600052b43 sp=0x0000002b5c7fc8a0 mode 0
Event: 0.769 Thread 0x000001666fedf280 DEOPT PACKING pc=0x000001660063f365 sp=0x0000002b5c7fd3c0
Event: 0.769 Thread 0x000001666fedf280 DEOPT UNPACKING pc=0x0000016600052b43 sp=0x0000002b5c7fc810 mode 0
Event: 0.778 Thread 0x000001666fedf280 DEOPT PACKING pc=0x000001660063f365 sp=0x0000002b5c7fc830
Event: 0.778 Thread 0x000001666fedf280 DEOPT UNPACKING pc=0x0000016600052b43 sp=0x0000002b5c7fbc80 mode 0
Event: 0.790 Thread 0x000001666fedf280 DEOPT PACKING pc=0x000001660063f365 sp=0x0000002b5c7fe360
Event: 0.790 Thread 0x000001666fedf280 DEOPT UNPACKING pc=0x0000016600052b43 sp=0x0000002b5c7fd7b0 mode 0
Event: 0.806 Thread 0x000001666fedf280 DEOPT PACKING pc=0x000001660063f365 sp=0x0000002b5c7facb0
Event: 0.806 Thread 0x000001666fedf280 DEOPT UNPACKING pc=0x0000016600052b43 sp=0x0000002b5c7fa100 mode 0
Event: 1.075 Thread 0x000001666fedf280 Uncommon trap: trap_request=0xffffff45 fr.pc=0x0000016607aeb158 relative=0x0000000000000238
Event: 1.075 Thread 0x000001666fedf280 Uncommon trap: reason=unstable_if action=reinterpret pc=0x0000016607aeb158 method=java.lang.String.startsWith(Ljava/lang/String;I)Z @ 1 c2
Event: 1.075 Thread 0x000001666fedf280 DEOPT PACKING pc=0x0000016607aeb158 sp=0x0000002b5c7fcbb0
Event: 1.075 Thread 0x000001666fedf280 DEOPT UNPACKING pc=0x00000166000523a3 sp=0x0000002b5c7fcb18 mode 2
Event: 1.221 Thread 0x000001666fedf280 DEOPT PACKING pc=0x00000166005e417e sp=0x0000002b5c7fe360
Event: 1.221 Thread 0x000001666fedf280 DEOPT UNPACKING pc=0x0000016600052b43 sp=0x0000002b5c7fd7d0 mode 0
Event: 1.311 Thread 0x000001666fedf280 DEOPT PACKING pc=0x00000166005c79be sp=0x0000002b5c7fe020
Event: 1.311 Thread 0x000001666fedf280 DEOPT UNPACKING pc=0x0000016600052b43 sp=0x0000002b5c7fd498 mode 0

Classes unloaded (0 events):
No events

Classes redefined (0 events):
No events

Internal exceptions (20 events):
Event: 1.333 Thread 0x000001666fedf280 Exception <a 'java/lang/NoSuchMethodError'{0x0000000088585250}: 'java.lang.Object java.lang.invoke.DirectMethodHandle$Holder.invokeInterface(java.lang.Object, java.lang.Object)'> (0x0000000088585250) 
thrown [s\src\hotspot\share\interpreter\linkResolver.cpp, line 759]
Event: 1.343 Thread 0x000001666fedf280 Exception <a 'java/lang/NoSuchMethodError'{0x00000000885a4348}: 'int java.lang.invoke.DirectMethodHandle$Holder.invokeVirtual(java.lang.Object, java.lang.Object)'> (0x00000000885a4348) 
thrown [s\src\hotspot\share\interpreter\linkResolver.cpp, line 759]
Event: 1.389 Thread 0x000001666fedf280 Exception <a 'java/lang/NoSuchMethodError'{0x000000008913a9e8}: 'java.lang.Object java.lang.invoke.DirectMethodHandle$Holder.invokeSpecial(java.lang.Object, java.lang.Object, java.lang.Object, int, java.lang.Object)'> (0x000000008913a9e8) 
thrown [s\src\hotspot\share\interpreter\linkResolver.cpp, line 759]
Event: 1.399 Thread 0x000001666fedf280 Exception <a 'java/lang/NoSuchMethodError'{0x0000000089179118}: 'int java.lang.invoke.DirectMethodHandle$Holder.invokeStaticInit(java.lang.Object, java.lang.Object, java.lang.Object)'> (0x0000000089179118) 
thrown [s\src\hotspot\share\interpreter\linkResolver.cpp, line 759]
Event: 1.474 Thread 0x000001666fedf280 Exception <a 'java/lang/IncompatibleClassChangeError'{0x00000000890fee40}: Found class java.lang.Object, but interface was expected> (0x00000000890fee40) 
thrown [s\src\hotspot\share\interpreter\linkResolver.cpp, line 826]
Event: 1.482 Thread 0x000001666fedf280 Exception <a 'java/lang/NoSuchMethodError'{0x0000000088f19c10}: 'java.lang.Object java.lang.invoke.DirectMethodHandle$Holder.invokeSpecial(java.lang.Object, java.lang.Object, java.lang.Object, java.lang.Object, java.lang.Object, java.lang.Object, java.lang.Object, java.lang.Object, java.lang.Object, java.lang.Object)'> (0x0000000088f19c10) 
thrown [s\src\hotspot\share\interpreter\linkResolver.cpp, line 759]
Event: 1.483 Thread 0x000001666fedf280 Exception <a 'java/lang/NoSuchMethodError'{0x0000000088f248f0}: 'java.lang.Object java.lang.invoke.DirectMethodHandle$Holder.newInvokeSpecial(java.lang.Object, java.lang.Object, java.lang.Object, java.lang.Object, java.lang.Object, java.lang.Object, java.lang.Object, java.lang.Object, java.lang.Object)'> (0x0000000088f248f0) 
thrown [s\src\hotspot\share\interpreter\linkResolver.cpp, line 759]
Event: 1.486 Thread 0x000001666fedf280 Exception <a 'java/lang/NoSuchMethodError'{0x0000000088f29c40}: 'java.lang.Object java.lang.invoke.Invokers$Holder.linkToTargetMethod(java.lang.Object, java.lang.Object, java.lang.Object, java.lang.Object, java.lang.Object, java.lang.Object, java.lang.Object, java.lang.Object, java.lang.Object)'> (0x0000000088f29c40) 
thrown [s\src\hotspot\share\interpreter\linkResolver.cpp, line 759]
Event: 1.498 Thread 0x000001666fedf280 Exception <a 'java/lang/NoSuchMethodError'{0x0000000088f5d468}: 'java.lang.Object java.lang.invoke.DirectMethodHandle$Holder.newInvokeSpecial(java.lang.Object, java.lang.Object, java.lang.Object, java.lang.Object, java.lang.Object, java.lang.Object, java.lang.Object)'> (0x0000000088f5d468) 
thrown [s\src\hotspot\share\interpreter\linkResolver.cpp, line 759]
Event: 1.499 Thread 0x000001666fedf280 Exception <a 'java/lang/NoSuchMethodError'{0x0000000088f620d0}: 'java.lang.Object java.lang.invoke.Invokers$Holder.linkToTargetMethod(java.lang.Object, java.lang.Object, java.lang.Object, java.lang.Object, java.lang.Object, java.lang.Object, java.lang.Object)'> (0x0000000088f620d0) 
thrown [s\src\hotspot\share\interpreter\linkResolver.cpp, line 759]
Event: 1.502 Thread 0x000001666fedf280 Exception <a 'java/lang/NoSuchMethodError'{0x0000000088f6c0d0}: 'void java.lang.invoke.DirectMethodHandle$Holder.invokeStatic(java.lang.Object, java.lang.Object, java.lang.Object, java.lang.Object)'> (0x0000000088f6c0d0) 
thrown [s\src\hotspot\share\interpreter\linkResolver.cpp, line 759]
Event: 1.522 Thread 0x000001666fedf280 Exception <a 'java/lang/NoSuchMethodError'{0x0000000088fbcc28}: 'java.lang.Object java.lang.invoke.DirectMethodHandle$Holder.newInvokeSpecial(java.lang.Object, java.lang.Object, java.lang.Object, java.lang.Object, java.lang.Object)'> (0x0000000088fbcc28) 
thrown [s\src\hotspot\share\interpreter\linkResolver.cpp, line 759]
Event: 1.531 Thread 0x000001666fedf280 Exception <a 'java/lang/NoSuchMethodError'{0x0000000088fecfe8}: 'int java.lang.invoke.DirectMethodHandle$Holder.invokeSpecial(java.lang.Object, java.lang.Object, java.lang.Object)'> (0x0000000088fecfe8) 
thrown [s\src\hotspot\share\interpreter\linkResolver.cpp, line 759]
Event: 1.556 Thread 0x000001666fedf280 Exception <a 'java/lang/IncompatibleClassChangeError'{0x0000000088e41358}: Found class java.lang.Object, but interface was expected> (0x0000000088e41358) 
thrown [s\src\hotspot\share\interpreter\linkResolver.cpp, line 826]
Event: 1.602 Thread 0x000001666fedf280 Exception <a 'java/lang/NoSuchMethodError'{0x0000000088eb13b8}: 'java.lang.Object java.lang.invoke.Invokers$Holder.linkToTargetMethod(java.lang.Object, long, java.lang.Object)'> (0x0000000088eb13b8) 
thrown [s\src\hotspot\share\interpreter\linkResolver.cpp, line 759]
Event: 1.636 Thread 0x000001666fedf280 Exception <a 'java/lang/NoSuchMethodError'{0x0000000088d2e4e8}: 'java.lang.Object java.lang.invoke.DirectMethodHandle$Holder.newInvokeSpecial(java.lang.Object, int, java.lang.Object)'> (0x0000000088d2e4e8) 
thrown [s\src\hotspot\share\interpreter\linkResolver.cpp, line 759]
Event: 1.649 Thread 0x000001666fedf280 Exception <a 'java/lang/NoSuchMethodError'{0x0000000088d69a28}: 'java.lang.Object java.lang.invoke.DirectMethodHandle$Holder.invokeStatic(java.lang.Object, java.lang.Object, java.lang.Object, int, java.lang.Object, java.lang.Object)'> (0x0000000088d69a28) 
thrown [s\src\hotspot\share\interpreter\linkResolver.cpp, line 759]
Event: 1.651 Thread 0x000001666fedf280 Exception <a 'java/lang/NoSuchMethodError'{0x0000000088d71b30}: 'java.lang.Object java.lang.invoke.DirectMethodHandle$Holder.newInvokeSpecial(java.lang.Object, java.lang.Object, java.lang.Object, int, java.lang.Object)'> (0x0000000088d71b30) 
thrown [s\src\hotspot\share\interpreter\linkResolver.cpp, line 759]
Event: 1.652 Thread 0x000001666fedf280 Exception <a 'java/lang/NoSuchMethodError'{0x0000000088d79500}: 'java.lang.Object java.lang.invoke.Invokers$Holder.linkToTargetMethod(java.lang.Object, java.lang.Object, int, java.lang.Object, java.lang.Object)'> (0x0000000088d79500) 
thrown [s\src\hotspot\share\interpreter\linkResolver.cpp, line 759]
Event: 1.671 Thread 0x000001666fedf280 Exception <a 'java/lang/NoSuchMethodError'{0x0000000088dbec48}: 'void java.lang.invoke.DirectMethodHandle$Holder.invokeStatic(java.lang.Object, java.lang.Object, java.lang.Object)'> (0x0000000088dbec48) 
thrown [s\src\hotspot\share\interpreter\linkResolver.cpp, line 759]

VM Operations (20 events):
Event: 0.588 Executing VM operation: HandshakeAllThreads
Event: 0.588 Executing VM operation: HandshakeAllThreads done
Event: 0.720 Executing VM operation: HandshakeAllThreads
Event: 0.720 Executing VM operation: HandshakeAllThreads done
Event: 0.906 Executing VM operation: HandshakeAllThreads
Event: 0.906 Executing VM operation: HandshakeAllThreads done
Event: 1.204 Executing VM operation: HandshakeAllThreads
Event: 1.204 Executing VM operation: HandshakeAllThreads done
Event: 1.204 Executing VM operation: Cleanup
Event: 1.204 Executing VM operation: Cleanup done
Event: 1.204 Executing VM operation: HandshakeAllThreads
Event: 1.204 Executing VM operation: HandshakeAllThreads done
Event: 1.364 Executing VM operation: G1CollectForAllocation
Event: 1.376 Executing VM operation: G1CollectForAllocation done
Event: 1.641 Executing VM operation: HandshakeAllThreads
Event: 1.641 Executing VM operation: HandshakeAllThreads done
Event: 1.747 Executing VM operation: HandshakeAllThreads
Event: 1.747 Executing VM operation: HandshakeAllThreads done
Event: 2.000 Executing VM operation: HandshakeAllThreads
Event: 2.000 Executing VM operation: HandshakeAllThreads done

Events (20 events):
Event: 2.027 loading class java/security/spec/EllipticCurve
Event: 2.027 loading class java/security/spec/EllipticCurve done
Event: 2.028 loading class java/security/spec/ECPoint
Event: 2.028 loading class java/security/spec/ECPoint done
Event: 2.028 loading class sun/security/util/NamedCurve
Event: 2.028 loading class java/security/spec/ECParameterSpec
Event: 2.028 loading class java/security/spec/AlgorithmParameterSpec
Event: 2.028 loading class java/security/spec/AlgorithmParameterSpec done
Event: 2.028 loading class java/security/spec/ECParameterSpec done
Event: 2.028 loading class sun/security/util/NamedCurve done
Event: 2.028 loading class sun/security/util/DerOutputStream
Event: 2.029 loading class sun/security/util/DerEncoder
Event: 2.029 loading class sun/security/util/DerEncoder done
Event: 2.029 loading class sun/security/util/DerOutputStream done
Event: 2.029 loading class sun/security/util/ByteArrayLexOrder
Event: 2.029 loading class sun/security/util/ByteArrayLexOrder done
Event: 2.029 loading class sun/security/util/ByteArrayTagOrder
Event: 2.029 loading class sun/security/util/ByteArrayTagOrder done
Event: 2.029 loading class sun/security/util/ObjectIdentifier
Event: 2.029 loading class sun/security/util/ObjectIdentifier done


Dynamic libraries:
0x00007ff797260000 - 0x00007ff79726e000 	C:\Users\babu1\Downloads\sts-4.16.0.RELEASE\plugins\org.eclipse.justj.openjdk.hotspot.jre.full.win32.x86_64_17.0.4.v20220903-1038\jre\bin\javaw.exe
0x00007ffb1f250000 - 0x00007ffb1f448000 	C:\WINDOWS\SYSTEM32\ntdll.dll
0x00007ffb1d930000 - 0x00007ffb1d9ef000 	C:\WINDOWS\System32\KERNEL32.DLL
0x00007ffb1cd10000 - 0x00007ffb1cfe2000 	C:\WINDOWS\System32\KERNELBASE.dll
0x00007ffb1cc10000 - 0x00007ffb1cd10000 	C:\WINDOWS\System32\ucrtbase.dll
0x00007ffb113e0000 - 0x00007ffb113f9000 	C:\Users\babu1\Downloads\sts-4.16.0.RELEASE\plugins\org.eclipse.justj.openjdk.hotspot.jre.full.win32.x86_64_17.0.4.v20220903-1038\jre\bin\VCRUNTIME140.dll
0x00007ffb18de0000 - 0x00007ffb18df8000 	C:\Users\babu1\Downloads\sts-4.16.0.RELEASE\plugins\org.eclipse.justj.openjdk.hotspot.jre.full.win32.x86_64_17.0.4.v20220903-1038\jre\bin\jli.dll
0x00007ffb1d2a0000 - 0x00007ffb1d43d000 	C:\WINDOWS\System32\USER32.dll
0x00007ffb0ca40000 - 0x00007ffb0ccda000 	C:\WINDOWS\WinSxS\amd64_microsoft.windows.common-controls_6595b64144ccf1df_6.0.19041.1110_none_60b5254171f9507e\COMCTL32.dll
0x00007ffb1d020000 - 0x00007ffb1d042000 	C:\WINDOWS\System32\win32u.dll
0x00007ffb1de30000 - 0x00007ffb1dece000 	C:\WINDOWS\System32\msvcrt.dll
0x00007ffb1de00000 - 0x00007ffb1de2b000 	C:\WINDOWS\System32\GDI32.dll
0x00007ffb1c950000 - 0x00007ffb1ca5f000 	C:\WINDOWS\System32\gdi32full.dll
0x00007ffb1d050000 - 0x00007ffb1d0ed000 	C:\WINDOWS\System32\msvcp_win.dll
0x00007ffb1f1d0000 - 0x00007ffb1f202000 	C:\WINDOWS\System32\IMM32.DLL
0x00007ffb19e00000 - 0x00007ffb19e0c000 	C:\Users\babu1\Downloads\sts-4.16.0.RELEASE\plugins\org.eclipse.justj.openjdk.hotspot.jre.full.win32.x86_64_17.0.4.v20220903-1038\jre\bin\vcruntime140_1.dll
0x00007ffb11340000 - 0x00007ffb113d1000 	C:\Users\babu1\Downloads\sts-4.16.0.RELEASE\plugins\org.eclipse.justj.openjdk.hotspot.jre.full.win32.x86_64_17.0.4.v20220903-1038\jre\bin\msvcp140.dll
0x00007ffac9610000 - 0x00007ffaca256000 	C:\Users\babu1\Downloads\sts-4.16.0.RELEASE\plugins\org.eclipse.justj.openjdk.hotspot.jre.full.win32.x86_64_17.0.4.v20220903-1038\jre\bin\server\jvm.dll
0x00007ffb1d9f0000 - 0x00007ffb1da9e000 	C:\WINDOWS\System32\ADVAPI32.dll
0x00007ffb1ef80000 - 0x00007ffb1f01c000 	C:\WINDOWS\System32\sechost.dll
0x00007ffb1eb70000 - 0x00007ffb1ec95000 	C:\WINDOWS\System32\RPCRT4.dll
0x00007ffb1d920000 - 0x00007ffb1d928000 	C:\WINDOWS\System32\PSAPI.DLL
0x00007ffb0af80000 - 0x00007ffb0af89000 	C:\WINDOWS\SYSTEM32\WSOCK32.dll
0x00007ffb0cce0000 - 0x00007ffb0cd07000 	C:\WINDOWS\SYSTEM32\WINMM.dll
0x00007ffb1eb00000 - 0x00007ffb1eb6b000 	C:\WINDOWS\System32\WS2_32.dll
0x00007ffb0b540000 - 0x00007ffb0b54a000 	C:\WINDOWS\SYSTEM32\VERSION.dll
0x00007ffb1b1a0000 - 0x00007ffb1b1b2000 	C:\WINDOWS\SYSTEM32\kernel.appcore.dll
0x00007ffb19d80000 - 0x00007ffb19d8a000 	C:\Users\babu1\Downloads\sts-4.16.0.RELEASE\plugins\org.eclipse.justj.openjdk.hotspot.jre.full.win32.x86_64_17.0.4.v20220903-1038\jre\bin\jimage.dll
0x00007ffb1aeb0000 - 0x00007ffb1b094000 	C:\WINDOWS\SYSTEM32\DBGHELP.DLL
0x00007ffb07b00000 - 0x00007ffb07b2c000 	C:\WINDOWS\SYSTEM32\dbgcore.DLL
0x00007ffb1cb10000 - 0x00007ffb1cb92000 	C:\WINDOWS\System32\bcryptPrimitives.dll
0x00007ffb10600000 - 0x00007ffb10625000 	C:\Users\babu1\Downloads\sts-4.16.0.RELEASE\plugins\org.eclipse.justj.openjdk.hotspot.jre.full.win32.x86_64_17.0.4.v20220903-1038\jre\bin\java.dll
0x00007ffb10f70000 - 0x00007ffb10f88000 	C:\Users\babu1\Downloads\sts-4.16.0.RELEASE\plugins\org.eclipse.justj.openjdk.hotspot.jre.full.win32.x86_64_17.0.4.v20220903-1038\jre\bin\zip.dll
0x00007ffb1ded0000 - 0x00007ffb1e613000 	C:\WINDOWS\System32\SHELL32.dll
0x00007ffb1a640000 - 0x00007ffb1add2000 	C:\WINDOWS\SYSTEM32\windows.storage.dll
0x00007ffb1daa0000 - 0x00007ffb1ddf4000 	C:\WINDOWS\System32\combase.dll
0x00007ffb1c340000 - 0x00007ffb1c370000 	C:\WINDOWS\SYSTEM32\Wldp.dll
0x00007ffb1ed50000 - 0x00007ffb1edfd000 	C:\WINDOWS\System32\SHCORE.dll
0x00007ffb1eaa0000 - 0x00007ffb1eaf5000 	C:\WINDOWS\System32\shlwapi.dll
0x00007ffb1c890000 - 0x00007ffb1c8af000 	C:\WINDOWS\SYSTEM32\profapi.dll
0x00007ffb0c920000 - 0x00007ffb0c939000 	C:\Users\babu1\Downloads\sts-4.16.0.RELEASE\plugins\org.eclipse.justj.openjdk.hotspot.jre.full.win32.x86_64_17.0.4.v20220903-1038\jre\bin\net.dll
0x00007ffb0f800000 - 0x00007ffb0f90c000 	C:\WINDOWS\SYSTEM32\WINHTTP.dll
0x00007ffb1c030000 - 0x00007ffb1c09a000 	C:\WINDOWS\system32\mswsock.dll
0x00007ffb0c900000 - 0x00007ffb0c915000 	C:\Users\babu1\Downloads\sts-4.16.0.RELEASE\plugins\org.eclipse.justj.openjdk.hotspot.jre.full.win32.x86_64_17.0.4.v20220903-1038\jre\bin\nio.dll
0x00007ffb18820000 - 0x00007ffb18830000 	C:\Users\babu1\Downloads\sts-4.16.0.RELEASE\plugins\org.eclipse.justj.openjdk.hotspot.jre.full.win32.x86_64_17.0.4.v20220903-1038\jre\bin\verify.dll
0x00007ffb1bd60000 - 0x00007ffb1be2a000 	C:\WINDOWS\SYSTEM32\DNSAPI.dll
0x00007ffb1bd20000 - 0x00007ffb1bd5b000 	C:\WINDOWS\SYSTEM32\IPHLPAPI.DLL
0x00007ffb1ea90000 - 0x00007ffb1ea98000 	C:\WINDOWS\System32\NSI.dll
0x00007ffb0f750000 - 0x00007ffb0f75a000 	C:\Windows\System32\rasadhlp.dll
0x00007ffb0f500000 - 0x00007ffb0f580000 	C:\WINDOWS\System32\fwpuclnt.dll
0x00007ffb1cff0000 - 0x00007ffb1d017000 	C:\WINDOWS\System32\bcrypt.dll
0x00007ffb1c220000 - 0x00007ffb1c238000 	C:\WINDOWS\SYSTEM32\CRYPTSP.dll
0x00007ffb1b950000 - 0x00007ffb1b984000 	C:\WINDOWS\system32\rsaenh.dll
0x00007ffb1c810000 - 0x00007ffb1c83e000 	C:\WINDOWS\SYSTEM32\USERENV.dll
0x00007ffb1c240000 - 0x00007ffb1c24c000 	C:\WINDOWS\SYSTEM32\CRYPTBASE.dll
0x00007ffb10200000 - 0x00007ffb10217000 	C:\WINDOWS\SYSTEM32\dhcpcsvc6.DLL
0x00007ffb101e0000 - 0x00007ffb101fd000 	C:\WINDOWS\SYSTEM32\dhcpcsvc.DLL
0x00007ffb17f20000 - 0x00007ffb17f2e000 	C:\Users\babu1\Downloads\sts-4.16.0.RELEASE\plugins\org.eclipse.justj.openjdk.hotspot.jre.full.win32.x86_64_17.0.4.v20220903-1038\jre\bin\sunmscapi.dll
0x00007ffb1d140000 - 0x00007ffb1d296000 	C:\WINDOWS\System32\CRYPT32.dll
0x00007ffb1c3b0000 - 0x00007ffb1c3d7000 	C:\WINDOWS\SYSTEM32\ncrypt.dll
0x00007ffb1c370000 - 0x00007ffb1c3ab000 	C:\WINDOWS\SYSTEM32\NTASN1.dll

dbghelp: loaded successfully - version: 4.0.5 - missing functions: none
symbol engine: initialized successfully - sym options: 0x614 - pdb path: .;C:\Users\babu1\Downloads\sts-4.16.0.RELEASE\plugins\org.eclipse.justj.openjdk.hotspot.jre.full.win32.x86_64_17.0.4.v20220903-1038\jre\bin;C:\WINDOWS\SYSTEM32;C:\WINDOWS\WinSxS\amd64_microsoft.windows.common-controls_6595b64144ccf1df_6.0.19041.1110_none_60b5254171f9507e;C:\Users\babu1\Downloads\sts-4.16.0.RELEASE\plugins\org.eclipse.justj.openjdk.hotspot.jre.full.win32.x86_64_17.0.4.v20220903-1038\jre\bin\server

VM Arguments:
jvm_args: -ea -Dfile.encoding=UTF-8 -XX:+ShowCodeDetailsInExceptionMessages 
java_command: org.testng.remote.RemoteTestNG -serport 61546 -protocol json -d C:\Users\babu1\Documents\workspace-spring-tool-suite-4-4.16.0.RELEASE\Appiumfirst\test-output C:\Users\babu1\AppData\Local\Temp\testng-eclipse-752585919\testng-customsuite.xml
java_class_path (initial): C:\Users\babu1\Downloads\sts-4.16.0.RELEASE\configuration\org.eclipse.osgi\588\0\.cp\lib\testng-remote.jar;C:\Users\babu1\Documents\workspace-spring-tool-suite-4-4.16.0.RELEASE\Appiumfirst\target\test-classes;C:\Users\babu1\Documents\workspace-spring-tool-suite-4-4.16.0.RELEASE\Appiumfirst\target\classes;C:\Users\babu1\.m2\repository\io\appium\java-client\7.6.0\java-client-7.6.0.jar;C:\Users\babu1\.m2\repository\org\seleniumhq\selenium\selenium-support\3.141.59\selenium-support-3.141.59.jar;C:\Users\babu1\.m2\repository\org\seleniumhq\selenium\selenium-api\3.141.59\selenium-api-3.141.59.jar;C:\Users\babu1\.m2\repository\com\google\code\gson\gson\2.8.8\gson-2.8.8.jar;C:\Users\babu1\.m2\repository\org\apache\httpcomponents\httpclient\4.5.13\httpclient-4.5.13.jar;C:\Users\babu1\.m2\repository\org\apache\httpcomponents\httpcore\4.4.13\httpcore-4.4.13.jar;C:\Users\babu1\.m2\repository\commons-logging\commons-logging\1.2\commons-logging-1.2.jar;C:\Users\babu1\.m2\repository\cglib\cglib\3.3.0\cglib-3.3.0.jar;C:\Users\babu1\.m2\repository\org\ow2\asm\asm\7.1\asm-7.1.jar;C:\Users\babu1\.m2\repository\commons-validator\commons-validator\1.7\commons-validator-1.7.jar;C:\Users\babu1\.m2\repository\commons-beanutils\commons-beanutils\1.9.4\commons-beanutils-1.9.4.jar;C:\Users\babu1\.m2\repository\commons-digester\commons-digester\2.1\commons-digester-2.1.jar;C:\Users\babu1\.m2\repository\commons-io\commons-io\2.11.0\commons-io-2.11.0.jar;C:\Users\babu1\.m2\repository\org\springframework\spring-context\5.3.10\spring-context-5.3.10.jar;C:\Users\babu1\.m2\repository\org\springframework\spring-aop\5.3.10\spring-aop-5.3.10.jar;C:\Users\babu1\.m2\repository\org\springframework\spring-beans\5.3.10\spring-beans-5.3.10.jar;C:\Users\babu1\.m2\repository\org\springframework\spring-core\5.3.10\spring-core-5.3.10.jar;C:\Users\babu1\.m2\repository\org\springframework\spring-jcl\5.3.10\spring-jcl-5.3.10.jar;C:\Users\babu1\.m2\repository\org\springframework\spring-e
Launcher Type: SUN_STANDARD

[Global flags]
     intx CICompilerCount                          = 3                                         {product} {ergonomic}
     uint ConcGCThreads                            = 1                                         {product} {ergonomic}
     uint G1ConcRefinementThreads                  = 4                                         {product} {ergonomic}
   size_t G1HeapRegionSize                         = 1048576                                   {product} {ergonomic}
    uintx GCDrainStackTargetSize                   = 64                                        {product} {ergonomic}
   size_t InitialHeapSize                          = 134217728                                 {product} {ergonomic}
   size_t MarkStackSize                            = 4194304                                   {product} {ergonomic}
   size_t MaxHeapSize                              = 2128609280                                {product} {ergonomic}
   size_t MaxNewSize                               = 1277165568                                {product} {ergonomic}
   size_t MinHeapDeltaBytes                        = 1048576                                   {product} {ergonomic}
   size_t MinHeapSize                              = 8388608                                   {product} {ergonomic}
    uintx NonNMethodCodeHeapSize                   = 5832780                                {pd product} {ergonomic}
    uintx NonProfiledCodeHeapSize                  = 122912730                              {pd product} {ergonomic}
    uintx ProfiledCodeHeapSize                     = 122912730                              {pd product} {ergonomic}
    uintx ReservedCodeCacheSize                    = 251658240                              {pd product} {ergonomic}
     bool SegmentedCodeCache                       = true                                      {product} {ergonomic}
     bool ShowCodeDetailsInExceptionMessages       = true                                   {manageable} {command line}
   size_t SoftMaxHeapSize                          = 2128609280                             {manageable} {ergonomic}
     bool UseCompressedClassPointers               = true                           {product lp64_product} {ergonomic}
     bool UseCompressedOops                        = true                           {product lp64_product} {ergonomic}
     bool UseG1GC                                  = true                                      {product} {ergonomic}
     bool UseLargePagesIndividualAllocation        = false                                  {pd product} {ergonomic}

Logging:
Log output configuration:
 #0: stdout all=warning uptime,level,tags
 #1: stderr all=off uptime,level,tags

Environment Variables:
PATH=C:/Users/babu1/Downloads/sts-4.16.0.RELEASE//plugins/org.eclipse.justj.openjdk.hotspot.jre.full.win32.x86_64_17.0.4.v20220903-1038/jre/bin/server;C:/Users/babu1/Downloads/sts-4.16.0.RELEASE//plugins/org.eclipse.justj.openjdk.hotspot.jre.full.win32.x86_64_17.0.4.v20220903-1038/jre/bin;C:\Program Files (x86)\VMware\VMware Player\bin\;C:\Program Files (x86)\Intel\iCLS Client\;C:\Program Files\Intel\iCLS Client\;C:\WINDOWS\system32;C:\WINDOWS;C:\WINDOWS\System32\Wbem;C:\WINDOWS\System32\WindowsPowerShell\v1.0\;C:\Program Files (x86)\Intel\Intel(R) Management Engine Components\DAL;C:\Program Files\Intel\Intel(R) Management Engine Components\DAL;C:\Program Files (x86)\Intel\Intel(R) Management Engine Components\IPT;C:\Program Files\Intel\Intel(R) Management Engine Components\IPT;C:\WINDOWS\System32\OpenSSH\;C:\Program Files\Git\cmd;D:\apache-maven-3.8.6-bin\apache-maven-3.8.6\bin;C:\Program Files\Java\jdk-11.0.16.1\bin;C:\Program Files\nodejs;C:\Users\babu1\AppData\Roaming\npm;C:\Users\babu1\AppData\Roaming\npm\node_modules\newman\bin;C:\Program Files\nodejs\;C:\Users\babu1\AppData\Local\Programs\Python\Python39\Scripts;C:\Users\babu1\AppData\Local\Programs\Python\Python39\Scripts\;C:\Users\babu1\AppData\Local\Programs\Python\Python39\;C:\Program Files (x86)\Intel\iCLS Client\;C:\Program Files\Intel\iCLS Client\;C:\WINDOWS\system32;C:\WINDOWS;C:\WINDOWS\System32\Wbem;C:\WINDOWS\System32\WindowsPowerShell\v1.0\;C:\Program Files (x86)\Intel\Intel(R) Management Engine Components\DAL;C:\Program Files\Intel\Intel(R) Management Engine Components\DAL;C:\Program Files (x86)\Intel\Intel(R) Management Engine Components\IPT;C:\Program Files\Intel\Intel(R) Management Engine Components\IPT;C:\WINDOWS\System32\OpenSSH\;C:\Users\babu1\AppData\Local\Microsoft\WindowsApps;C:\Users\babu1\AppData\Local\Programs\Microsoft VS Code\bin;C:\Python38-32\Scripts;C:\Python38-32;C:\Program Files\JetBrains\IntelliJ IDEA Community Edition 2022.2.2\bin;;C:\Program Files\nodejs;C:\Users\babu1\AppData\
USERNAME=C B LekhaSree
OS=Windows_NT
PROCESSOR_IDENTIFIER=Intel64 Family 6 Model 78 Stepping 3, GenuineIntel
TMP=C:\Users\babu1\AppData\Local\Temp
TEMP=C:\Users\babu1\AppData\Local\Temp



---------------  S Y S T E M  ---------------

OS:
 Windows 10 , 64 bit Build 19041 (10.0.19041.2251)
OS uptime: 18 days 15:26 hours

CPU: total 4 (initial active 4) (2 cores per cpu, 2 threads per core) family 6 model 78 stepping 3 microcode 0xcc, cx8, cmov, fxsr, ht, mmx, 3dnowpref, sse, sse2, sse3, ssse3, sse4.1, sse4.2, popcnt, lzcnt, tsc, tscinvbit, avx, avx2, aes, erms, clmul, bmi1, bmi2, rtm, adx, fma, vzeroupper, clflush, clflushopt

Memory: 4k page, system-wide physical 8112M (536M free)
TotalPageFile size 14256M (AvailPageFile size 7M)
current process WorkingSet (physical memory assigned to process): 93M, peak: 93M
current process commit charge ("private bytes"): 229M, peak: 229M

vm_info: OpenJDK 64-Bit Server VM (17.0.4.1+1) for windows-amd64 JRE (17.0.4.1+1), built on Aug 17 2022 07:42:43 by "temurin" with MS VC++ 16.7 (VS2019)

END.
